Using pre-set license
Built from '2023.1/staging' branch; Version is '2023.1.10f1 (661833f8c66c) revision 6690867'; Using compiler version '192829333'; Build Type 'Release'
OS: 'Windows 10  (10.0.19045) 64bit Education' Language: 'fr' Physical Memory: 32598 MB
BatchMode: 1, IsHumanControllingUs: 0, StartBugReporterOnCrash: 0, Is64bit: 1, IsPro: 1

COMMAND LINE ARGUMENTS:
C:\Program Files\Unity\Hub\Editor\2023.1.10f1\Editor\Unity.exe
-adb2
-batchMode
-noUpm
-name
AssetImportWorker2
-projectPath
D:/chap_defil_auto
-logFile
Logs/AssetImportWorker2.log
-srvPort
57026
Successfully changed project path to: D:/chap_defil_auto
D:/chap_defil_auto
[UnityMemory] Configuration Parameters - Can be set up in boot.config
    "memorysetup-bucket-allocator-granularity=16"
    "memorysetup-bucket-allocator-bucket-count=8"
    "memorysetup-bucket-allocator-block-size=33554432"
    "memorysetup-bucket-allocator-block-count=8"
    "memorysetup-main-allocator-block-size=16777216"
    "memorysetup-thread-allocator-block-size=16777216"
    "memorysetup-gfx-main-allocator-block-size=16777216"
    "memorysetup-gfx-thread-allocator-block-size=16777216"
    "memorysetup-cache-allocator-block-size=4194304"
    "memorysetup-typetree-allocator-block-size=2097152"
    "memorysetup-profiler-bucket-allocator-granularity=16"
    "memorysetup-profiler-bucket-allocator-bucket-count=8"
    "memorysetup-profiler-bucket-allocator-block-size=33554432"
    "memorysetup-profiler-bucket-allocator-block-count=8"
    "memorysetup-profiler-allocator-block-size=16777216"
    "memorysetup-profiler-editor-allocator-block-size=1048576"
    "memorysetup-temp-allocator-size-main=16777216"
    "memorysetup-job-temp-allocator-block-size=2097152"
    "memorysetup-job-temp-allocator-block-size-background=1048576"
    "memorysetup-job-temp-allocator-reduction-small-platforms=262144"
    "memorysetup-allocator-temp-initial-block-size-main=262144"
    "memorysetup-allocator-temp-initial-block-size-worker=262144"
    "memorysetup-temp-allocator-size-background-worker=32768"
    "memorysetup-temp-allocator-size-job-worker=262144"
    "memorysetup-temp-allocator-size-preload-manager=33554432"
    "memorysetup-temp-allocator-size-nav-mesh-worker=65536"
    "memorysetup-temp-allocator-size-audio-worker=65536"
    "memorysetup-temp-allocator-size-cloud-worker=32768"
    "memorysetup-temp-allocator-size-gi-baking-worker=262144"
    "memorysetup-temp-allocator-size-gfx=262144"
Player connection [21300] Host "[IP] 10.69.213.15 [Port] 0 [Flags] 2 [Guid] 1825661962 [EditorId] 1825661962 [Version] 1048832 [Id] WindowsEditor(7,BLC-DAU-LAB-201) [Debug] 1 [PackageName] WindowsEditor [ProjectName] Editor" joined multi-casting on [225.0.0.222:54997]...

Player connection [21300] Host "[IP] 10.69.213.15 [Port] 0 [Flags] 2 [Guid] 1825661962 [EditorId] 1825661962 [Version] 1048832 [Id] WindowsEditor(7,BLC-DAU-LAB-201) [Debug] 1 [PackageName] WindowsEditor [ProjectName] Editor" joined alternative multi-casting on [225.0.0.222:34997]...

[Physics::Module] Initialized MultithreadedJobDispatcher with 11 workers.
Library Redirect Path: Library/Refreshing native plugins compatible for Editor in 10.85 ms, found 4 plugins.
Preloading 0 native plugins for Editor in 0.00 ms.
Initialize engine version: 2023.1.10f1 (661833f8c66c)
[Subsystems] Discovering subsystems at path C:/Program Files/Unity/Hub/Editor/2023.1.10f1/Editor/Data/Resources/UnitySubsystems
[Subsystems] Discovering subsystems at path D:/chap_defil_auto/Assets
GfxDevice: creating device client; threaded=0; jobified=0
Direct3D:
    Version:  Direct3D 11.0 [level 11.1]
    Renderer: NVIDIA GeForce GTX 1080 (ID=0x1b80)
    Vendor:   NVIDIA
    VRAM:     8072 MB
    Driver:   31.0.15.3598
Initialize mono
Mono path[0] = 'C:/Program Files/Unity/Hub/Editor/2023.1.10f1/Editor/Data/Managed'
Mono path[1] = 'C:/Program Files/Unity/Hub/Editor/2023.1.10f1/Editor/Data/MonoBleedingEdge/lib/mono/unityjit-win32'
Mono config path = 'C:/Program Files/Unity/Hub/Editor/2023.1.10f1/Editor/Data/MonoBleedingEdge/etc'
Using monoOptions --debugger-agent=transport=dt_socket,embedding=1,server=y,suspend=n,address=127.0.0.1:56344
Begin MonoManager ReloadAssembly
C:\build\output\Unity-Technologies\mono\mono\metadata\icall.c:1842:
C:\build\output\Unity-Technologies\mono\mono\metadata\icall.c:1842:
C:\build\output\Unity-Technologies\mono\mono\metadata\icall.c:1842:
C:\build\output\Unity-Technologies\mono\mono\metadata\icall.c:1842:
C:\build\output\Unity-Technologies\mono\mono\metadata\icall.c:1842:
C:\build\output\Unity-Technologies\mono\mono\metadata\icall.c:1842:
C:\build\output\Unity-Technologies\mono\mono\metadata\icall.c:1842:
C:\build\output\Unity-Technologies\mono\mono\metadata\icall.c:1842:
C:\build\output\Unity-Technologies\mono\mono\metadata\icall.c:1842:
C:\build\output\Unity-Technologies\mono\mono\metadata\icall.c:1842:
Registering precompiled unity dll's ...
Register platform support module: C:/Program Files/Unity/Hub/Editor/2023.1.10f1/Editor/Data/PlaybackEngines/WindowsStandaloneSupport/UnityEditor.WindowsStandalone.Extensions.dll
Register platform support module: C:/Program Files/Unity/Hub/Editor/2023.1.10f1/Editor/Data/PlaybackEngines/AndroidPlayer/UnityEditor.Android.Extensions.dll
Registered in 0.004753 seconds.
- Loaded All Assemblies, in  0.504 seconds
Native extension for Android target not found
Android SDK Build-tools component is not found. Make sure all tools are installed in the SDK manager.
UnityEngine.StackTraceUtility:ExtractStackTrace ()
UnityEngine.DebugLogHandler:Internal_Log (UnityEngine.LogType,UnityEngine.LogOption,string,UnityEngine.Object)
UnityEngine.DebugLogHandler:LogFormat (UnityEngine.LogType,UnityEngine.Object,string,object[])
UnityEngine.Logger:Log (UnityEngine.LogType,object)
UnityEngine.Debug:LogError (object)
UnityEditor.Android.AndroidSDKTools:UpdateToolsDirectories ()
UnityEditor.Android.AndroidSDKTools:.ctor (string)
UnityEditor.Android.AndroidSDKTools:CreateAndroidSDKTools (string)
UnityEditor.Android.AndroidSDKTools:GetInstance<UnityEditor.Android.AndroidSDKTools> (UnityEditor.Android.AndroidSDKTools/InstanceCreator)
UnityEditor.Android.AndroidSDKTools:GetInstance ()
UnityEditor.Android.AndroidDeploymentTargetsExtension:GetMainThreadContext (bool)
UnityEditor.Android.TargetExtension:OnUsbDevicesChanged (UnityEditor.Hardware.UsbDevice[])
UnityEditor.Android.TargetExtension:OnLoad ()
UnityEditor.Modules.ModuleManager:InitializePlatformSupportModules ()

InvalidOperationException: Cannot start process because a file name has not been provided.
  at System.Diagnostics.Process.Start () [0x00024] in <a424216f826e4ec986df3cf1a3ff8dae>:0 
  at (wrapper remoting-invoke-with-check) System.Diagnostics.Process.Start()
  at UnityEditor.Android.ProgramAsShellExecute.Start (System.Diagnostics.ProcessStartInfo psi) [0x0000e] in <4709dcde0756469fa99c122f81326ca3>:0 
  at UnityEditor.Android.Command.RunWithShellExecute (System.String command, System.String args, System.String workingdir, System.String errorMsg) [0x0003e] in <4709dcde0756469fa99c122f81326ca3>:0 
  at UnityEditor.Android.ADB.StartServer () [0x00013] in <4709dcde0756469fa99c122f81326ca3>:0 
  at UnityEditor.Android.ADB.Run (System.String[] command, UnityEditor.Android.Command+WaitingForProcessToExit waitingForProcessToExit, System.String errorMsg) [0x0000b] in <4709dcde0756469fa99c122f81326ca3>:0 
  at UnityEditor.Android.AndroidDeploymentTargetsExtension.GetKnownTargets (UnityEditor.DeploymentTargets.IDeploymentTargetsMainThreadContext context, UnityEditor.ProgressHandler progressHandler) [0x00284] in <4709dcde0756469fa99c122f81326ca3>:0 
  at UnityEditor.Android.TargetScanWorker.ScanSync () [0x00039] in <4709dcde0756469fa99c122f81326ca3>:0 
  at UnityEditor.Android.TargetExtension.OnUsbDevicesChanged (UnityEditor.Hardware.UsbDevice[] usbDevices) [0x00081] in <4709dcde0756469fa99c122f81326ca3>:0 
  at UnityEditor.Android.TargetExtension.OnLoad () [0x000ad] in <4709dcde0756469fa99c122f81326ca3>:0 
  at UnityEditor.Modules.ModuleManager.InitializePlatformSupportModules () [0x000b9] in <8059afc4969f4faea44ce7e8d8dd149e>:0 

Mono: successfully reloaded assembly
C:\build\output\Unity-Technologies\mono\mono\metadata\icall.c:1842:
C:\build\output\Unity-Technologies\mono\mono\metadata\icall.c:1842:
- Finished resetting the current domain, in  0.542 seconds
Domain Reload Profiling: 1042ms
	BeginReloadAssembly (155ms)
		ExecutionOrderSort (0ms)
		DisableScriptedObjects (0ms)
		BackupInstance (0ms)
		ReleaseScriptingObjects (0ms)
		CreateAndSetChildDomain (1ms)
	RebuildCommonClasses (44ms)
	RebuildNativeTypeToScriptingClass (21ms)
	initialDomainReloadingComplete (62ms)
	LoadAllAssembliesAndSetupDomain (216ms)
		LoadAssemblies (153ms)
		RebuildTransferFunctionScriptingTraits (0ms)
		AnalyzeDomain (210ms)
			TypeCache.Refresh (209ms)
				TypeCache.ScanAssembly (192ms)
			ScanForSourceGeneratedMonoScriptInfo (1ms)
			ResolveRequiredComponents (1ms)
	FinalizeReload (542ms)
		ReleaseScriptCaches (0ms)
		RebuildScriptCaches (0ms)
		SetupLoadedEditorAssemblies (477ms)
			LogAssemblyErrors (0ms)
			InitializePlatformSupportModulesInManaged (162ms)
			SetLoadedEditorAssemblies (5ms)
			BeforeProcessingInitializeOnLoad (11ms)
			ProcessInitializeOnLoadAttributes (204ms)
			ProcessInitializeOnLoadMethodAttributes (95ms)
			AfterProcessingInitializeOnLoad (0ms)
			EditorAssembliesLoaded (0ms)
		ExecutionOrderSort2 (0ms)
		AwakeInstancesAfterBackupRestoration (0ms)
========================================================================
Worker process is ready to serve import requests
Import Worker Mode flag is 0x00
Begin MonoManager ReloadAssembly
C:\build\output\Unity-Technologies\mono\mono\metadata\icall.c:1842:
C:\build\output\Unity-Technologies\mono\mono\metadata\icall.c:1842:
C:\build\output\Unity-Technologies\mono\mono\metadata\icall.c:1842:
C:\build\output\Unity-Technologies\mono\mono\metadata\icall.c:1842:
C:\build\output\Unity-Technologies\mono\mono\metadata\icall.c:1842:
C:\build\output\Unity-Technologies\mono\mono\metadata\icall.c:1842:
C:\build\output\Unity-Technologies\mono\mono\metadata\icall.c:1842:
C:\build\output\Unity-Technologies\mono\mono\metadata\icall.c:1842:
C:\build\output\Unity-Technologies\mono\mono\metadata\icall.c:1842:
C:\build\output\Unity-Technologies\mono\mono\metadata\icall.c:1842:
C:\build\output\Unity-Technologies\mono\mono\metadata\icall.c:1842:
C:\build\output\Unity-Technologies\mono\mono\metadata\icall.c:1842:
Symbol file LoadedFromMemory doesn't match image D:\chap_defil_auto\Library\PackageCache\com.unity.visualscripting@1.8.0\Editor\VisualScripting.Core\Dependencies\YamlDotNet\Unity.VisualScripting.YamlDotNet.dll
Symbol file LoadedFromMemory doesn't match image D:\chap_defil_auto\Library\PackageCache\com.unity.visualscripting@1.8.0\Editor\VisualScripting.Core\Dependencies\DotNetZip\Unity.VisualScripting.IonicZip.dll
- Loaded All Assemblies, in  1.140 seconds
Refreshing native plugins compatible for Editor in 3.19 ms, found 4 plugins.
Native extension for Android target not found
Native extension for WindowsStandalone target not found
Mono: successfully reloaded assembly
- Finished resetting the current domain, in  0.904 seconds
Domain Reload Profiling: 2041ms
	BeginReloadAssembly (384ms)
		ExecutionOrderSort (0ms)
		DisableScriptedObjects (7ms)
		BackupInstance (0ms)
		ReleaseScriptingObjects (0ms)
		CreateAndSetChildDomain (41ms)
	RebuildCommonClasses (52ms)
	RebuildNativeTypeToScriptingClass (13ms)
	initialDomainReloadingComplete (42ms)
	LoadAllAssembliesAndSetupDomain (645ms)
		LoadAssemblies (344ms)
		RebuildTransferFunctionScriptingTraits (0ms)
		AnalyzeDomain (411ms)
			TypeCache.Refresh (384ms)
				TypeCache.ScanAssembly (368ms)
			ScanForSourceGeneratedMonoScriptInfo (21ms)
			ResolveRequiredComponents (6ms)
	FinalizeReload (905ms)
		ReleaseScriptCaches (0ms)
		RebuildScriptCaches (0ms)
		SetupLoadedEditorAssemblies (616ms)
			LogAssemblyErrors (0ms)
			InitializePlatformSupportModulesInManaged (32ms)
			SetLoadedEditorAssemblies (5ms)
			BeforeProcessingInitializeOnLoad (131ms)
			ProcessInitializeOnLoadAttributes (396ms)
			ProcessInitializeOnLoadMethodAttributes (42ms)
			AfterProcessingInitializeOnLoad (8ms)
			EditorAssembliesLoaded (0ms)
		ExecutionOrderSort2 (0ms)
		AwakeInstancesAfterBackupRestoration (9ms)
Launched and connected shader compiler UnityShaderCompiler.exe after 0.02 seconds
Refreshing native plugins compatible for Editor in 3.70 ms, found 4 plugins.
Preloading 0 native plugins for Editor in 0.00 ms.
Unloading 4140 Unused Serialized files (Serialized files now loaded: 0)
Unloading 63 unused Assets / (57.1 KB). Loaded Objects now: 4682.
Memory consumption went from 151.6 MB to 151.6 MB.
Total: 7.767800 ms (FindLiveObjects: 0.357200 ms CreateObjectMapping: 0.427700 ms MarkObjects: 6.751700 ms  DeleteObjects: 0.230300 ms)

AssetImportParameters requested are different than current active one (requested -> active):
  custom:video-decoder-webm-vp8: 9c59270c3fd7afecdb556c50c9e8de78 -> 
  custom:audio-encoder-webm-vorbis: bf7c407c2cedff20999df2af8eb42d56 -> 
  custom:AudioImporter_EditorPlatform: d09bf68614088b80899f8185d706f6e7 -> 
  custom:audio-decoder-ogg-vorbis: bf7c407c2cedff20999df2af8eb42d56 -> 
  custom:video-encoder-webm-vp8: eb34c28f22e8b96e1ab97ce403110664 -> 
  custom:container-demuxer-ogg: 62fdf1f143b41e24485cea50d1cbac27 -> 
  custom:framework-win-MediaFoundation: 216162199b28c13a410421893ffa2e32 -> 
  custom:video-decoder-ogg-theora: a1e56fd34408186e4bbccfd4996cb3dc -> 
  custom:container-muxer-webm: aa71ff27fc2769a1b78a27578f13a17b -> 
  custom:container-demuxer-webm: 4f35f7cbe854078d1ac9338744f61a02 -> 
========================================================================
Received Import Request.
  Time since last request: 1482.562891 seconds.
  path: Assets/tilesheet/scene_sprite_fver-Sheet_base_12.asset
  artifactKey: Guid(629d4a576fcfc6040b93f37c7cdabb50) Importer(815301076,1909f56bfc062723c751e8b465ee728b)
Start importing Assets/tilesheet/scene_sprite_fver-Sheet_base_12.asset using Guid(629d4a576fcfc6040b93f37c7cdabb50) Importer(815301076,1909f56bfc062723c751e8b465ee728b)  -> (artifact id: '449cc89b0f0d4650f4eaf23495571d9b') in 0.110867 seconds
Number of updated asset objects reloaded before import = 0
Number of asset objects unloaded after import = 3
========================================================================
Received Import Request.
  Time since last request: 0.000033 seconds.
  path: Assets/tilesheet/bg_top-Sheet (1)_16.asset
  artifactKey: Guid(4d16e5c8ac089cf4094ed7dc18bfba52) Importer(815301076,1909f56bfc062723c751e8b465ee728b)
Start importing Assets/tilesheet/bg_top-Sheet (1)_16.asset using Guid(4d16e5c8ac089cf4094ed7dc18bfba52) Importer(815301076,1909f56bfc062723c751e8b465ee728b)  -> (artifact id: '0e9db688584cb95730e9fa08ddd4629b') in 0.010766 seconds
Number of updated asset objects reloaded before import = 0
Number of asset objects unloaded after import = 3
========================================================================
Received Import Request.
  Time since last request: 0.000013 seconds.
  path: Assets/tilesheet/scene_sprite_fver-Sheet_base_7.asset
  artifactKey: Guid(2840051636ef7e447b25c2003c8d5edb) Importer(815301076,1909f56bfc062723c751e8b465ee728b)
Start importing Assets/tilesheet/scene_sprite_fver-Sheet_base_7.asset using Guid(2840051636ef7e447b25c2003c8d5edb) Importer(815301076,1909f56bfc062723c751e8b465ee728b)  -> (artifact id: '526e6b78267eb63409309519da3d7340') in 0.013387 seconds
Number of updated asset objects reloaded before import = 0
Number of asset objects unloaded after import = 3
========================================================================
Received Import Request.
  Time since last request: 0.000012 seconds.
  path: Assets/tilesheet/bg_top-Sheet (1)_5.asset
  artifactKey: Guid(9c30a59f29409e2408c83fe893367e43) Importer(815301076,1909f56bfc062723c751e8b465ee728b)
Start importing Assets/tilesheet/bg_top-Sheet (1)_5.asset using Guid(9c30a59f29409e2408c83fe893367e43) Importer(815301076,1909f56bfc062723c751e8b465ee728b)  -> (artifact id: '7073da9ae458022e108b93162b49ab04') in 0.009118 seconds
Number of updated asset objects reloaded before import = 0
Number of asset objects unloaded after import = 3
========================================================================
Received Import Request.
  Time since last request: 0.000015 seconds.
  path: Assets/tilesheet/scene_sprite_fver-Sheet_base_3.asset
  artifactKey: Guid(3413c1cb16246e745903d5895c7d2282) Importer(815301076,1909f56bfc062723c751e8b465ee728b)
Start importing Assets/tilesheet/scene_sprite_fver-Sheet_base_3.asset using Guid(3413c1cb16246e745903d5895c7d2282) Importer(815301076,1909f56bfc062723c751e8b465ee728b)  -> (artifact id: 'f8c72981a4dee9bb377eb98f5f26824b') in 0.005012 seconds
Number of updated asset objects reloaded before import = 0
Number of asset objects unloaded after import = 3
========================================================================
Received Import Request.
  Time since last request: 0.000016 seconds.
  path: Assets/tilesheet/bg_top-Sheet (1)_23.asset
  artifactKey: Guid(11d73d081834e6341a890222a91dbbb4) Importer(815301076,1909f56bfc062723c751e8b465ee728b)
Start importing Assets/tilesheet/bg_top-Sheet (1)_23.asset using Guid(11d73d081834e6341a890222a91dbbb4) Importer(815301076,1909f56bfc062723c751e8b465ee728b)  -> (artifact id: 'bc12866982a5c86cefad11e9841a1b2f') in 0.013670 seconds
Number of updated asset objects reloaded before import = 0
Number of asset objects unloaded after import = 3
========================================================================
Received Import Request.
  Time since last request: 0.000015 seconds.
  path: Assets/tilesheet/scene_sprite_fver-Sheet_base_17.asset
  artifactKey: Guid(6f6fc62464af3ce47a8a4e1ab375ff76) Importer(815301076,1909f56bfc062723c751e8b465ee728b)
Start importing Assets/tilesheet/scene_sprite_fver-Sheet_base_17.asset using Guid(6f6fc62464af3ce47a8a4e1ab375ff76) Importer(815301076,1909f56bfc062723c751e8b465ee728b)  -> (artifact id: '0ac0c4a7ecb4104134b31f72fb5be3f1') in 0.017823 seconds
Number of updated asset objects reloaded before import = 0
Number of asset objects unloaded after import = 3
========================================================================
Received Import Request.
  Time since last request: 0.000013 seconds.
  path: Assets/tilesheet/bg_top-Sheet (1)_17.asset
  artifactKey: Guid(e563a3c7778c85843bcfe37685284d02) Importer(815301076,1909f56bfc062723c751e8b465ee728b)
Start importing Assets/tilesheet/bg_top-Sheet (1)_17.asset using Guid(e563a3c7778c85843bcfe37685284d02) Importer(815301076,1909f56bfc062723c751e8b465ee728b)  -> (artifact id: 'ca4d47f149f47548bfcee097465f3bbb') in 0.013579 seconds
Number of updated asset objects reloaded before import = 0
Number of asset objects unloaded after import = 3
========================================================================
Received Import Request.
  Time since last request: 0.000015 seconds.
  path: Assets/tilesheet/scene_sprite_fver-Sheet_base_28.asset
  artifactKey: Guid(a3f08e11cc92d924eadc2bd474def909) Importer(815301076,1909f56bfc062723c751e8b465ee728b)
Start importing Assets/tilesheet/scene_sprite_fver-Sheet_base_28.asset using Guid(a3f08e11cc92d924eadc2bd474def909) Importer(815301076,1909f56bfc062723c751e8b465ee728b)  -> (artifact id: 'e8373d2b38737d07f0656e1d2d60cd2f') in 0.013356 seconds
Number of updated asset objects reloaded before import = 0
Number of asset objects unloaded after import = 3
========================================================================
Received Import Request.
  Time since last request: 0.000011 seconds.
  path: Assets/tilesheet/bg_top-Sheet (1)_31.asset
  artifactKey: Guid(5a001c45c2f7ce14a98a706bb21b5082) Importer(815301076,1909f56bfc062723c751e8b465ee728b)
Start importing Assets/tilesheet/bg_top-Sheet (1)_31.asset using Guid(5a001c45c2f7ce14a98a706bb21b5082) Importer(815301076,1909f56bfc062723c751e8b465ee728b)  -> (artifact id: '6f1ef891b2276414f29e04f802b4c872') in 0.017389 seconds
Number of updated asset objects reloaded before import = 0
Number of asset objects unloaded after import = 3
========================================================================
Received Import Request.
  Time since last request: 0.000015 seconds.
  path: Assets/tilesheet/ground.prefab
  artifactKey: Guid(e98ddf76489fc3c47b7a744fda4bea31) Importer(815301076,1909f56bfc062723c751e8b465ee728b)
Start importing Assets/tilesheet/ground.prefab using Guid(e98ddf76489fc3c47b7a744fda4bea31) Importer(815301076,1909f56bfc062723c751e8b465ee728b)  -> (artifact id: 'bca0f24773ad5402c99452da7d1c73f7') in 0.051123 seconds
Number of updated asset objects reloaded before import = 0
Number of asset objects unloaded after import = 22
========================================================================
Received Import Request.
  Time since last request: 4.065057 seconds.
  path: Assets/sprite/bg_top-Sheet (1).png
  artifactKey: Guid(abe6b97f680e4c546961cd318e30d87c) Importer(815301076,1909f56bfc062723c751e8b465ee728b)
Start importing Assets/sprite/bg_top-Sheet (1).png using Guid(abe6b97f680e4c546961cd318e30d87c) Importer(815301076,1909f56bfc062723c751e8b465ee728b)  -> (artifact id: 'a4d0e889317eb679ab5c562df862f916') in 0.096308 seconds
Number of updated asset objects reloaded before import = 0
Number of asset objects unloaded after import = 34
