Using pre-set license
Built from '2023.1/staging' branch; Version is '2023.1.10f1 (661833f8c66c) revision 6690867'; Using compiler version '192829333'; Build Type 'Release'
OS: 'Windows 10  (10.0.19045) 64bit Education' Language: 'fr' Physical Memory: 32598 MB
BatchMode: 1, IsHumanControllingUs: 0, StartBugReporterOnCrash: 0, Is64bit: 1, IsPro: 1

COMMAND LINE ARGUMENTS:
C:\Program Files\Unity\Hub\Editor\2023.1.10f1\Editor\Unity.exe
-adb2
-batchMode
-noUpm
-name
AssetImportWorker1
-projectPath
D:/chap_defil_auto
-logFile
Logs/AssetImportWorker1.log
-srvPort
57026
Successfully changed project path to: D:/chap_defil_auto
D:/chap_defil_auto
[UnityMemory] Configuration Parameters - Can be set up in boot.config
    "memorysetup-bucket-allocator-granularity=16"
    "memorysetup-bucket-allocator-bucket-count=8"
    "memorysetup-bucket-allocator-block-size=33554432"
    "memorysetup-bucket-allocator-block-count=8"
    "memorysetup-main-allocator-block-size=16777216"
    "memorysetup-thread-allocator-block-size=16777216"
    "memorysetup-gfx-main-allocator-block-size=16777216"
    "memorysetup-gfx-thread-allocator-block-size=16777216"
    "memorysetup-cache-allocator-block-size=4194304"
    "memorysetup-typetree-allocator-block-size=2097152"
    "memorysetup-profiler-bucket-allocator-granularity=16"
    "memorysetup-profiler-bucket-allocator-bucket-count=8"
    "memorysetup-profiler-bucket-allocator-block-size=33554432"
    "memorysetup-profiler-bucket-allocator-block-count=8"
    "memorysetup-profiler-allocator-block-size=16777216"
    "memorysetup-profiler-editor-allocator-block-size=1048576"
    "memorysetup-temp-allocator-size-main=16777216"
    "memorysetup-job-temp-allocator-block-size=2097152"
    "memorysetup-job-temp-allocator-block-size-background=1048576"
    "memorysetup-job-temp-allocator-reduction-small-platforms=262144"
    "memorysetup-allocator-temp-initial-block-size-main=262144"
    "memorysetup-allocator-temp-initial-block-size-worker=262144"
    "memorysetup-temp-allocator-size-background-worker=32768"
    "memorysetup-temp-allocator-size-job-worker=262144"
    "memorysetup-temp-allocator-size-preload-manager=33554432"
    "memorysetup-temp-allocator-size-nav-mesh-worker=65536"
    "memorysetup-temp-allocator-size-audio-worker=65536"
    "memorysetup-temp-allocator-size-cloud-worker=32768"
    "memorysetup-temp-allocator-size-gi-baking-worker=262144"
    "memorysetup-temp-allocator-size-gfx=262144"
Player connection [21284] Host "[IP] 10.69.213.15 [Port] 0 [Flags] 2 [Guid] 3730950532 [EditorId] 3730950532 [Version] 1048832 [Id] WindowsEditor(7,BLC-DAU-LAB-201) [Debug] 1 [PackageName] WindowsEditor [ProjectName] Editor" joined multi-casting on [225.0.0.222:54997]...

Player connection [21284] Host "[IP] 10.69.213.15 [Port] 0 [Flags] 2 [Guid] 3730950532 [EditorId] 3730950532 [Version] 1048832 [Id] WindowsEditor(7,BLC-DAU-LAB-201) [Debug] 1 [PackageName] WindowsEditor [ProjectName] Editor" joined alternative multi-casting on [225.0.0.222:34997]...

[Physics::Module] Initialized MultithreadedJobDispatcher with 11 workers.
Library Redirect Path: Library/Refreshing native plugins compatible for Editor in 12.88 ms, found 4 plugins.
Preloading 0 native plugins for Editor in 0.00 ms.
Initialize engine version: 2023.1.10f1 (661833f8c66c)
[Subsystems] Discovering subsystems at path C:/Program Files/Unity/Hub/Editor/2023.1.10f1/Editor/Data/Resources/UnitySubsystems
[Subsystems] Discovering subsystems at path D:/chap_defil_auto/Assets
GfxDevice: creating device client; threaded=0; jobified=0
Direct3D:
    Version:  Direct3D 11.0 [level 11.1]
    Renderer: NVIDIA GeForce GTX 1080 (ID=0x1b80)
    Vendor:   NVIDIA
    VRAM:     8072 MB
    Driver:   31.0.15.3598
Initialize mono
Mono path[0] = 'C:/Program Files/Unity/Hub/Editor/2023.1.10f1/Editor/Data/Managed'
Mono path[1] = 'C:/Program Files/Unity/Hub/Editor/2023.1.10f1/Editor/Data/MonoBleedingEdge/lib/mono/unityjit-win32'
Mono config path = 'C:/Program Files/Unity/Hub/Editor/2023.1.10f1/Editor/Data/MonoBleedingEdge/etc'
Using monoOptions --debugger-agent=transport=dt_socket,embedding=1,server=y,suspend=n,address=127.0.0.1:56316
Begin MonoManager ReloadAssembly
C:\build\output\Unity-Technologies\mono\mono\metadata\icall.c:1842:
C:\build\output\Unity-Technologies\mono\mono\metadata\icall.c:1842:
C:\build\output\Unity-Technologies\mono\mono\metadata\icall.c:1842:
C:\build\output\Unity-Technologies\mono\mono\metadata\icall.c:1842:
C:\build\output\Unity-Technologies\mono\mono\metadata\icall.c:1842:
C:\build\output\Unity-Technologies\mono\mono\metadata\icall.c:1842:
C:\build\output\Unity-Technologies\mono\mono\metadata\icall.c:1842:
C:\build\output\Unity-Technologies\mono\mono\metadata\icall.c:1842:
C:\build\output\Unity-Technologies\mono\mono\metadata\icall.c:1842:
C:\build\output\Unity-Technologies\mono\mono\metadata\icall.c:1842:
Registering precompiled unity dll's ...
Register platform support module: C:/Program Files/Unity/Hub/Editor/2023.1.10f1/Editor/Data/PlaybackEngines/WindowsStandaloneSupport/UnityEditor.WindowsStandalone.Extensions.dll
Register platform support module: C:/Program Files/Unity/Hub/Editor/2023.1.10f1/Editor/Data/PlaybackEngines/AndroidPlayer/UnityEditor.Android.Extensions.dll
Registered in 0.005171 seconds.
- Loaded All Assemblies, in  0.487 seconds
Native extension for Android target not found
Android SDK Build-tools component is not found. Make sure all tools are installed in the SDK manager.
UnityEngine.StackTraceUtility:ExtractStackTrace ()
UnityEngine.DebugLogHandler:Internal_Log (UnityEngine.LogType,UnityEngine.LogOption,string,UnityEngine.Object)
UnityEngine.DebugLogHandler:LogFormat (UnityEngine.LogType,UnityEngine.Object,string,object[])
UnityEngine.Logger:Log (UnityEngine.LogType,object)
UnityEngine.Debug:LogError (object)
UnityEditor.Android.AndroidSDKTools:UpdateToolsDirectories ()
UnityEditor.Android.AndroidSDKTools:.ctor (string)
UnityEditor.Android.AndroidSDKTools:CreateAndroidSDKTools (string)
UnityEditor.Android.AndroidSDKTools:GetInstance<UnityEditor.Android.AndroidSDKTools> (UnityEditor.Android.AndroidSDKTools/InstanceCreator)
UnityEditor.Android.AndroidSDKTools:GetInstance ()
UnityEditor.Android.AndroidDeploymentTargetsExtension:GetMainThreadContext (bool)
UnityEditor.Android.TargetExtension:OnUsbDevicesChanged (UnityEditor.Hardware.UsbDevice[])
UnityEditor.Android.TargetExtension:OnLoad ()
UnityEditor.Modules.ModuleManager:InitializePlatformSupportModules ()

InvalidOperationException: Cannot start process because a file name has not been provided.
  at System.Diagnostics.Process.Start () [0x00024] in <a424216f826e4ec986df3cf1a3ff8dae>:0 
  at (wrapper remoting-invoke-with-check) System.Diagnostics.Process.Start()
  at UnityEditor.Android.ProgramAsShellExecute.Start (System.Diagnostics.ProcessStartInfo psi) [0x0000e] in <4709dcde0756469fa99c122f81326ca3>:0 
  at UnityEditor.Android.Command.RunWithShellExecute (System.String command, System.String args, System.String workingdir, System.String errorMsg) [0x0003e] in <4709dcde0756469fa99c122f81326ca3>:0 
  at UnityEditor.Android.ADB.StartServer () [0x00013] in <4709dcde0756469fa99c122f81326ca3>:0 
  at UnityEditor.Android.ADB.Run (System.String[] command, UnityEditor.Android.Command+WaitingForProcessToExit waitingForProcessToExit, System.String errorMsg) [0x0000b] in <4709dcde0756469fa99c122f81326ca3>:0 
  at UnityEditor.Android.AndroidDeploymentTargetsExtension.GetKnownTargets (UnityEditor.DeploymentTargets.IDeploymentTargetsMainThreadContext context, UnityEditor.ProgressHandler progressHandler) [0x00284] in <4709dcde0756469fa99c122f81326ca3>:0 
  at UnityEditor.Android.TargetScanWorker.ScanSync () [0x00039] in <4709dcde0756469fa99c122f81326ca3>:0 
  at UnityEditor.Android.TargetExtension.OnUsbDevicesChanged (UnityEditor.Hardware.UsbDevice[] usbDevices) [0x00081] in <4709dcde0756469fa99c122f81326ca3>:0 
  at UnityEditor.Android.TargetExtension.OnLoad () [0x000ad] in <4709dcde0756469fa99c122f81326ca3>:0 
  at UnityEditor.Modules.ModuleManager.InitializePlatformSupportModules () [0x000b9] in <8059afc4969f4faea44ce7e8d8dd149e>:0 

Mono: successfully reloaded assembly
C:\build\output\Unity-Technologies\mono\mono\metadata\icall.c:1842:
C:\build\output\Unity-Technologies\mono\mono\metadata\icall.c:1842:
- Finished resetting the current domain, in  0.548 seconds
Domain Reload Profiling: 1031ms
	BeginReloadAssembly (145ms)
		ExecutionOrderSort (0ms)
		DisableScriptedObjects (0ms)
		BackupInstance (0ms)
		ReleaseScriptingObjects (0ms)
		CreateAndSetChildDomain (1ms)
	RebuildCommonClasses (41ms)
	RebuildNativeTypeToScriptingClass (12ms)
	initialDomainReloadingComplete (59ms)
	LoadAllAssembliesAndSetupDomain (225ms)
		LoadAssemblies (143ms)
		RebuildTransferFunctionScriptingTraits (0ms)
		AnalyzeDomain (217ms)
			TypeCache.Refresh (216ms)
				TypeCache.ScanAssembly (202ms)
			ScanForSourceGeneratedMonoScriptInfo (1ms)
			ResolveRequiredComponents (1ms)
	FinalizeReload (548ms)
		ReleaseScriptCaches (0ms)
		RebuildScriptCaches (0ms)
		SetupLoadedEditorAssemblies (485ms)
			LogAssemblyErrors (0ms)
			InitializePlatformSupportModulesInManaged (172ms)
			SetLoadedEditorAssemblies (3ms)
			BeforeProcessingInitializeOnLoad (9ms)
			ProcessInitializeOnLoadAttributes (204ms)
			ProcessInitializeOnLoadMethodAttributes (97ms)
			AfterProcessingInitializeOnLoad (0ms)
			EditorAssembliesLoaded (0ms)
		ExecutionOrderSort2 (0ms)
		AwakeInstancesAfterBackupRestoration (0ms)
========================================================================
Worker process is ready to serve import requests
Import Worker Mode flag is 0x00
Begin MonoManager ReloadAssembly
C:\build\output\Unity-Technologies\mono\mono\metadata\icall.c:1842:
C:\build\output\Unity-Technologies\mono\mono\metadata\icall.c:1842:
C:\build\output\Unity-Technologies\mono\mono\metadata\icall.c:1842:
C:\build\output\Unity-Technologies\mono\mono\metadata\icall.c:1842:
C:\build\output\Unity-Technologies\mono\mono\metadata\icall.c:1842:
C:\build\output\Unity-Technologies\mono\mono\metadata\icall.c:1842:
C:\build\output\Unity-Technologies\mono\mono\metadata\icall.c:1842:
C:\build\output\Unity-Technologies\mono\mono\metadata\icall.c:1842:
C:\build\output\Unity-Technologies\mono\mono\metadata\icall.c:1842:
C:\build\output\Unity-Technologies\mono\mono\metadata\icall.c:1842:
C:\build\output\Unity-Technologies\mono\mono\metadata\icall.c:1842:
C:\build\output\Unity-Technologies\mono\mono\metadata\icall.c:1842:
Symbol file LoadedFromMemory doesn't match image D:\chap_defil_auto\Library\PackageCache\com.unity.visualscripting@1.8.0\Editor\VisualScripting.Core\Dependencies\YamlDotNet\Unity.VisualScripting.YamlDotNet.dll
Symbol file LoadedFromMemory doesn't match image D:\chap_defil_auto\Library\PackageCache\com.unity.visualscripting@1.8.0\Editor\VisualScripting.Core\Dependencies\DotNetZip\Unity.VisualScripting.IonicZip.dll
- Loaded All Assemblies, in  1.150 seconds
Refreshing native plugins compatible for Editor in 3.20 ms, found 4 plugins.
Native extension for Android target not found
Native extension for WindowsStandalone target not found
Mono: successfully reloaded assembly
- Finished resetting the current domain, in  0.895 seconds
Domain Reload Profiling: 2042ms
	BeginReloadAssembly (382ms)
		ExecutionOrderSort (0ms)
		DisableScriptedObjects (10ms)
		BackupInstance (0ms)
		ReleaseScriptingObjects (0ms)
		CreateAndSetChildDomain (40ms)
	RebuildCommonClasses (53ms)
	RebuildNativeTypeToScriptingClass (15ms)
	initialDomainReloadingComplete (42ms)
	LoadAllAssembliesAndSetupDomain (654ms)
		LoadAssemblies (333ms)
		RebuildTransferFunctionScriptingTraits (0ms)
		AnalyzeDomain (425ms)
			TypeCache.Refresh (393ms)
				TypeCache.ScanAssembly (374ms)
			ScanForSourceGeneratedMonoScriptInfo (23ms)
			ResolveRequiredComponents (9ms)
	FinalizeReload (896ms)
		ReleaseScriptCaches (0ms)
		RebuildScriptCaches (0ms)
		SetupLoadedEditorAssemblies (614ms)
			LogAssemblyErrors (0ms)
			InitializePlatformSupportModulesInManaged (33ms)
			SetLoadedEditorAssemblies (5ms)
			BeforeProcessingInitializeOnLoad (128ms)
			ProcessInitializeOnLoadAttributes (408ms)
			ProcessInitializeOnLoadMethodAttributes (35ms)
			AfterProcessingInitializeOnLoad (6ms)
			EditorAssembliesLoaded (0ms)
		ExecutionOrderSort2 (0ms)
		AwakeInstancesAfterBackupRestoration (7ms)
Launched and connected shader compiler UnityShaderCompiler.exe after 0.01 seconds
Refreshing native plugins compatible for Editor in 3.57 ms, found 4 plugins.
Preloading 0 native plugins for Editor in 0.00 ms.
Unloading 4140 Unused Serialized files (Serialized files now loaded: 0)
Unloading 63 unused Assets / (57.0 KB). Loaded Objects now: 4682.
Memory consumption went from 151.6 MB to 151.6 MB.
Total: 8.081400 ms (FindLiveObjects: 0.445800 ms CreateObjectMapping: 0.463400 ms MarkObjects: 6.994800 ms  DeleteObjects: 0.176500 ms)

AssetImportParameters requested are different than current active one (requested -> active):
  custom:video-decoder-webm-vp8: 9c59270c3fd7afecdb556c50c9e8de78 -> 
  custom:audio-encoder-webm-vorbis: bf7c407c2cedff20999df2af8eb42d56 -> 
  custom:AudioImporter_EditorPlatform: d09bf68614088b80899f8185d706f6e7 -> 
  custom:audio-decoder-ogg-vorbis: bf7c407c2cedff20999df2af8eb42d56 -> 
  custom:video-encoder-webm-vp8: eb34c28f22e8b96e1ab97ce403110664 -> 
  custom:container-demuxer-ogg: 62fdf1f143b41e24485cea50d1cbac27 -> 
  custom:framework-win-MediaFoundation: 216162199b28c13a410421893ffa2e32 -> 
  custom:video-decoder-ogg-theora: a1e56fd34408186e4bbccfd4996cb3dc -> 
  custom:container-muxer-webm: aa71ff27fc2769a1b78a27578f13a17b -> 
  custom:container-demuxer-webm: 4f35f7cbe854078d1ac9338744f61a02 -> 
========================================================================
Received Import Request.
  Time since last request: 1482.515576 seconds.
  path: Assets/tilesheet/scene_sprite_fver-Sheet_base_18.asset
  artifactKey: Guid(c0481f55c9bd9944381aba79f45a6cd6) Importer(815301076,1909f56bfc062723c751e8b465ee728b)
Start importing Assets/tilesheet/scene_sprite_fver-Sheet_base_18.asset using Guid(c0481f55c9bd9944381aba79f45a6cd6) Importer(815301076,1909f56bfc062723c751e8b465ee728b)  -> (artifact id: 'bf2ed41be70f3fa27136067d1489ee6c') in 0.135825 seconds
Number of updated asset objects reloaded before import = 0
Number of asset objects unloaded after import = 3
========================================================================
Received Import Request.
  Time since last request: 0.000027 seconds.
  path: Assets/tilesheet/bg_top-Sheet (1)_13.asset
  artifactKey: Guid(5c258e7506686b14090398b9b435d56c) Importer(815301076,1909f56bfc062723c751e8b465ee728b)
Start importing Assets/tilesheet/bg_top-Sheet (1)_13.asset using Guid(5c258e7506686b14090398b9b435d56c) Importer(815301076,1909f56bfc062723c751e8b465ee728b)  -> (artifact id: 'b1b6d0a27ea97a443c2fb56316bbd528') in 0.012395 seconds
Number of updated asset objects reloaded before import = 0
Number of asset objects unloaded after import = 3
========================================================================
Received Import Request.
  Time since last request: 0.000026 seconds.
  path: Assets/tilesheet/scene_sprite_fver-Sheet_base_29.asset
  artifactKey: Guid(7d1112790b4897e4c838f03d3c160553) Importer(815301076,1909f56bfc062723c751e8b465ee728b)
Start importing Assets/tilesheet/scene_sprite_fver-Sheet_base_29.asset using Guid(7d1112790b4897e4c838f03d3c160553) Importer(815301076,1909f56bfc062723c751e8b465ee728b)  -> (artifact id: '29c0a0b73a5704b0ea21bed580cfafd9') in 0.009334 seconds
Number of updated asset objects reloaded before import = 0
Number of asset objects unloaded after import = 3
========================================================================
Received Import Request.
  Time since last request: 0.000016 seconds.
  path: Assets/tilesheet/scene_sprite_fver-Sheet_base_42.asset
  artifactKey: Guid(8e34b08b867532e478ce6d894e0cf10a) Importer(815301076,1909f56bfc062723c751e8b465ee728b)
Start importing Assets/tilesheet/scene_sprite_fver-Sheet_base_42.asset using Guid(8e34b08b867532e478ce6d894e0cf10a) Importer(815301076,1909f56bfc062723c751e8b465ee728b)  -> (artifact id: '6a0892553b8988d3218703c12605d705') in 0.012601 seconds
Number of updated asset objects reloaded before import = 0
Number of asset objects unloaded after import = 3
========================================================================
Received Import Request.
  Time since last request: 0.000014 seconds.
  path: Assets/tilesheet/bg_top-Sheet (1)_22.asset
  artifactKey: Guid(551dceb6c88d97c439fe4535ceb04c73) Importer(815301076,1909f56bfc062723c751e8b465ee728b)
Start importing Assets/tilesheet/bg_top-Sheet (1)_22.asset using Guid(551dceb6c88d97c439fe4535ceb04c73) Importer(815301076,1909f56bfc062723c751e8b465ee728b)  -> (artifact id: 'a9744127f48349a1aaa809c369b3dc9b') in 0.013447 seconds
Number of updated asset objects reloaded before import = 0
Number of asset objects unloaded after import = 3
========================================================================
Received Import Request.
  Time since last request: 0.000015 seconds.
  path: Assets/tilesheet/scene_sprite_fver-Sheet_base_24.asset
  artifactKey: Guid(404906b805212384d8a0784e64cb00be) Importer(815301076,1909f56bfc062723c751e8b465ee728b)
Start importing Assets/tilesheet/scene_sprite_fver-Sheet_base_24.asset using Guid(404906b805212384d8a0784e64cb00be) Importer(815301076,1909f56bfc062723c751e8b465ee728b)  -> (artifact id: 'fd1487abb7d588a5a4f05a4c51f53bd2') in 0.009679 seconds
Number of updated asset objects reloaded before import = 0
Number of asset objects unloaded after import = 3
========================================================================
Received Import Request.
  Time since last request: 0.000013 seconds.
  path: Assets/tilesheet/scene_sprite_fver-Sheet_base_5.asset
  artifactKey: Guid(271d08b65e11c4f47b2eb6e4f135a67f) Importer(815301076,1909f56bfc062723c751e8b465ee728b)
Start importing Assets/tilesheet/scene_sprite_fver-Sheet_base_5.asset using Guid(271d08b65e11c4f47b2eb6e4f135a67f) Importer(815301076,1909f56bfc062723c751e8b465ee728b)  -> (artifact id: '62a59b72721f48391864ff49f404a5c0') in 0.004514 seconds
Number of updated asset objects reloaded before import = 0
Number of asset objects unloaded after import = 3
========================================================================
Received Import Request.
  Time since last request: 0.000013 seconds.
  path: Assets/tilesheet/bg_top-Sheet (1)_24.asset
  artifactKey: Guid(01e260e5c693f6b4cb2a7e50406adf32) Importer(815301076,1909f56bfc062723c751e8b465ee728b)
Start importing Assets/tilesheet/bg_top-Sheet (1)_24.asset using Guid(01e260e5c693f6b4cb2a7e50406adf32) Importer(815301076,1909f56bfc062723c751e8b465ee728b)  -> (artifact id: '378ec221b9018c05ec2edd1270c25027') in 0.012995 seconds
Number of updated asset objects reloaded before import = 0
Number of asset objects unloaded after import = 3
========================================================================
Received Import Request.
  Time since last request: 0.000012 seconds.
  path: Assets/tilesheet/bg_top-Sheet (1)_30.asset
  artifactKey: Guid(473300757814ebc4eae42a506673b78a) Importer(815301076,1909f56bfc062723c751e8b465ee728b)
Start importing Assets/tilesheet/bg_top-Sheet (1)_30.asset using Guid(473300757814ebc4eae42a506673b78a) Importer(815301076,1909f56bfc062723c751e8b465ee728b)  -> (artifact id: '09966e1adbb6df1349d5b6712de03ff5') in 0.013024 seconds
Number of updated asset objects reloaded before import = 0
Number of asset objects unloaded after import = 3
========================================================================
Received Import Request.
  Time since last request: 0.000012 seconds.
  path: Assets/tilesheet/bg_top-Sheet (1)_8.asset
  artifactKey: Guid(a8a9b9a229492e941b8a2174c33f9c48) Importer(815301076,1909f56bfc062723c751e8b465ee728b)
Start importing Assets/tilesheet/bg_top-Sheet (1)_8.asset using Guid(a8a9b9a229492e941b8a2174c33f9c48) Importer(815301076,1909f56bfc062723c751e8b465ee728b)  -> (artifact id: 'c142f3628f9e38cc6ea27ec277ef91a2') in 0.014328 seconds
Number of updated asset objects reloaded before import = 0
Number of asset objects unloaded after import = 3
========================================================================
Received Import Request.
  Time since last request: 0.000013 seconds.
  path: Assets/tilesheet/bg_top-Sheet (1)_7.asset
  artifactKey: Guid(dcc4af024cb0f894ea0920972696c3a9) Importer(815301076,1909f56bfc062723c751e8b465ee728b)
Start importing Assets/tilesheet/bg_top-Sheet (1)_7.asset using Guid(dcc4af024cb0f894ea0920972696c3a9) Importer(815301076,1909f56bfc062723c751e8b465ee728b)  -> (artifact id: 'e3c3d6cc62a10231c4de680a1ab2dd6d') in 0.005164 seconds
Number of updated asset objects reloaded before import = 0
Number of asset objects unloaded after import = 3
========================================================================
Received Import Request.
  Time since last request: 0.000014 seconds.
  path: Assets/tilesheet/scene_sprite_fver-Sheet_base_33.asset
  artifactKey: Guid(a48e8b2f685b31f4ba4dbd5ba205cc70) Importer(815301076,1909f56bfc062723c751e8b465ee728b)
Start importing Assets/tilesheet/scene_sprite_fver-Sheet_base_33.asset using Guid(a48e8b2f685b31f4ba4dbd5ba205cc70) Importer(815301076,1909f56bfc062723c751e8b465ee728b)  -> (artifact id: 'a48d23fb5306d1445fbf9ccb891326ff') in 0.012689 seconds
Number of updated asset objects reloaded before import = 0
Number of asset objects unloaded after import = 3
========================================================================
Received Import Request.
  Time since last request: 0.000014 seconds.
  path: Assets/tilesheet/tilesheet1.prefab
  artifactKey: Guid(2132be0402b06dc4eb4673b368f43bbc) Importer(815301076,1909f56bfc062723c751e8b465ee728b)
Start importing Assets/tilesheet/tilesheet1.prefab using Guid(2132be0402b06dc4eb4673b368f43bbc) Importer(815301076,1909f56bfc062723c751e8b465ee728b)  -> (artifact id: 'c6c07198f6bdfa137d45f82af605fad6') in 0.070610 seconds
Number of updated asset objects reloaded before import = 0
Number of asset objects unloaded after import = 107
========================================================================
Received Import Request.
  Time since last request: 4.064043 seconds.
  path: Assets/sprite/ground.png
  artifactKey: Guid(6b4ded4ce5d519742891de6ba3a7b53d) Importer(815301076,1909f56bfc062723c751e8b465ee728b)
Start importing Assets/sprite/ground.png using Guid(6b4ded4ce5d519742891de6ba3a7b53d) Importer(815301076,1909f56bfc062723c751e8b465ee728b)  -> (artifact id: '876c065a085a73fc417071e17409e169') in 0.025060 seconds
Number of updated asset objects reloaded before import = 0
Number of asset objects unloaded after import = 3
========================================================================
Received Import Request.
  Time since last request: 0.000098 seconds.
  path: Assets/sprite/scene_sprite_fver-Sheet_rock.png
  artifactKey: Guid(3de4888e0eb7a7a4bb642ddfffacfb34) Importer(815301076,1909f56bfc062723c751e8b465ee728b)
Start importing Assets/sprite/scene_sprite_fver-Sheet_rock.png using Guid(3de4888e0eb7a7a4bb642ddfffacfb34) Importer(815301076,1909f56bfc062723c751e8b465ee728b)  -> (artifact id: '3563aeb34425e40e3cd120949e9a6ffa') in 0.012093 seconds
Number of updated asset objects reloaded before import = 0
Number of asset objects unloaded after import = 3
========================================================================
Received Import Request.
  Time since last request: 0.000083 seconds.
  path: Assets/sprite/sprite.png
  artifactKey: Guid(bf8385df6040357488e9ca6dc6ac0af8) Importer(815301076,1909f56bfc062723c751e8b465ee728b)
Start importing Assets/sprite/sprite.png using Guid(bf8385df6040357488e9ca6dc6ac0af8) Importer(815301076,1909f56bfc062723c751e8b465ee728b)  -> (artifact id: '80dee889eec8fc257cc79e9d100fd488') in 0.012477 seconds
Number of updated asset objects reloaded before import = 0
Number of asset objects unloaded after import = 3
========================================================================
Received Import Request.
  Time since last request: 0.000012 seconds.
  path: Assets/sprite/scene_sprite_fver-Sheet_box.png
  artifactKey: Guid(efce9d25887e88c429f6bad32bb5a653) Importer(815301076,1909f56bfc062723c751e8b465ee728b)
Start importing Assets/sprite/scene_sprite_fver-Sheet_box.png using Guid(efce9d25887e88c429f6bad32bb5a653) Importer(815301076,1909f56bfc062723c751e8b465ee728b)  -> (artifact id: '98b6784dca634bc453e157219fe4d544') in 0.011313 seconds
Number of updated asset objects reloaded before import = 0
Number of asset objects unloaded after import = 3
========================================================================
Received Import Request.
  Time since last request: 0.000012 seconds.
  path: Assets/sprite/mountains.png
  artifactKey: Guid(d3e29ee8bdcd5c24c8d17973193a80e8) Importer(815301076,1909f56bfc062723c751e8b465ee728b)
Start importing Assets/sprite/mountains.png using Guid(d3e29ee8bdcd5c24c8d17973193a80e8) Importer(815301076,1909f56bfc062723c751e8b465ee728b)  -> (artifact id: '09c043d35641623daf444b0fdf0b1829') in 0.013324 seconds
Number of updated asset objects reloaded before import = 0
Number of asset objects unloaded after import = 3
