Using pre-set license
Built from '2023.1/staging' branch; Version is '2023.1.10f1 (661833f8c66c) revision 6690867'; Using compiler version '192829333'; Build Type 'Release'
OS: 'Windows 10  (10.0.19045) 64bit Education' Language: 'fr' Physical Memory: 32598 MB
BatchMode: 1, IsHumanControllingUs: 0, StartBugReporterOnCrash: 0, Is64bit: 1, IsPro: 1

COMMAND LINE ARGUMENTS:
C:\Program Files\Unity\Hub\Editor\2023.1.10f1\Editor\Unity.exe
-adb2
-batchMode
-noUpm
-name
AssetImportWorker0
-projectPath
D:/chap_defil_auto
-logFile
Logs/AssetImportWorker0.log
-srvPort
57026
Successfully changed project path to: D:/chap_defil_auto
D:/chap_defil_auto
[UnityMemory] Configuration Parameters - Can be set up in boot.config
    "memorysetup-bucket-allocator-granularity=16"
    "memorysetup-bucket-allocator-bucket-count=8"
    "memorysetup-bucket-allocator-block-size=33554432"
    "memorysetup-bucket-allocator-block-count=8"
    "memorysetup-main-allocator-block-size=16777216"
    "memorysetup-thread-allocator-block-size=16777216"
    "memorysetup-gfx-main-allocator-block-size=16777216"
    "memorysetup-gfx-thread-allocator-block-size=16777216"
    "memorysetup-cache-allocator-block-size=4194304"
    "memorysetup-typetree-allocator-block-size=2097152"
    "memorysetup-profiler-bucket-allocator-granularity=16"
    "memorysetup-profiler-bucket-allocator-bucket-count=8"
    "memorysetup-profiler-bucket-allocator-block-size=33554432"
    "memorysetup-profiler-bucket-allocator-block-count=8"
    "memorysetup-profiler-allocator-block-size=16777216"
    "memorysetup-profiler-editor-allocator-block-size=1048576"
    "memorysetup-temp-allocator-size-main=16777216"
    "memorysetup-job-temp-allocator-block-size=2097152"
    "memorysetup-job-temp-allocator-block-size-background=1048576"
    "memorysetup-job-temp-allocator-reduction-small-platforms=262144"
    "memorysetup-allocator-temp-initial-block-size-main=262144"
    "memorysetup-allocator-temp-initial-block-size-worker=262144"
    "memorysetup-temp-allocator-size-background-worker=32768"
    "memorysetup-temp-allocator-size-job-worker=262144"
    "memorysetup-temp-allocator-size-preload-manager=33554432"
    "memorysetup-temp-allocator-size-nav-mesh-worker=65536"
    "memorysetup-temp-allocator-size-audio-worker=65536"
    "memorysetup-temp-allocator-size-cloud-worker=32768"
    "memorysetup-temp-allocator-size-gi-baking-worker=262144"
    "memorysetup-temp-allocator-size-gfx=262144"
Player connection [21460] Host "[IP] 10.69.213.15 [Port] 0 [Flags] 2 [Guid] 1295435247 [EditorId] 1295435247 [Version] 1048832 [Id] WindowsEditor(7,BLC-DAU-LAB-201) [Debug] 1 [PackageName] WindowsEditor [ProjectName] Editor" joined multi-casting on [225.0.0.222:54997]...

Player connection [21460] Host "[IP] 10.69.213.15 [Port] 0 [Flags] 2 [Guid] 1295435247 [EditorId] 1295435247 [Version] 1048832 [Id] WindowsEditor(7,BLC-DAU-LAB-201) [Debug] 1 [PackageName] WindowsEditor [ProjectName] Editor" joined alternative multi-casting on [225.0.0.222:34997]...

[Physics::Module] Initialized MultithreadedJobDispatcher with 11 workers.
Library Redirect Path: Library/Refreshing native plugins compatible for Editor in 11.70 ms, found 4 plugins.
Preloading 0 native plugins for Editor in 0.00 ms.
Initialize engine version: 2023.1.10f1 (661833f8c66c)
[Subsystems] Discovering subsystems at path C:/Program Files/Unity/Hub/Editor/2023.1.10f1/Editor/Data/Resources/UnitySubsystems
[Subsystems] Discovering subsystems at path D:/chap_defil_auto/Assets
GfxDevice: creating device client; threaded=0; jobified=0
Direct3D:
    Version:  Direct3D 11.0 [level 11.1]
    Renderer: NVIDIA GeForce GTX 1080 (ID=0x1b80)
    Vendor:   NVIDIA
    VRAM:     8072 MB
    Driver:   31.0.15.3598
Initialize mono
Mono path[0] = 'C:/Program Files/Unity/Hub/Editor/2023.1.10f1/Editor/Data/Managed'
Mono path[1] = 'C:/Program Files/Unity/Hub/Editor/2023.1.10f1/Editor/Data/MonoBleedingEdge/lib/mono/unityjit-win32'
Mono config path = 'C:/Program Files/Unity/Hub/Editor/2023.1.10f1/Editor/Data/MonoBleedingEdge/etc'
Using monoOptions --debugger-agent=transport=dt_socket,embedding=1,server=y,suspend=n,address=127.0.0.1:56464
Begin MonoManager ReloadAssembly
C:\build\output\Unity-Technologies\mono\mono\metadata\icall.c:1842:
C:\build\output\Unity-Technologies\mono\mono\metadata\icall.c:1842:
C:\build\output\Unity-Technologies\mono\mono\metadata\icall.c:1842:
C:\build\output\Unity-Technologies\mono\mono\metadata\icall.c:1842:
C:\build\output\Unity-Technologies\mono\mono\metadata\icall.c:1842:
C:\build\output\Unity-Technologies\mono\mono\metadata\icall.c:1842:
C:\build\output\Unity-Technologies\mono\mono\metadata\icall.c:1842:
C:\build\output\Unity-Technologies\mono\mono\metadata\icall.c:1842:
C:\build\output\Unity-Technologies\mono\mono\metadata\icall.c:1842:
C:\build\output\Unity-Technologies\mono\mono\metadata\icall.c:1842:
Registering precompiled unity dll's ...
Register platform support module: C:/Program Files/Unity/Hub/Editor/2023.1.10f1/Editor/Data/PlaybackEngines/WindowsStandaloneSupport/UnityEditor.WindowsStandalone.Extensions.dll
Register platform support module: C:/Program Files/Unity/Hub/Editor/2023.1.10f1/Editor/Data/PlaybackEngines/AndroidPlayer/UnityEditor.Android.Extensions.dll
Registered in 0.004595 seconds.
- Loaded All Assemblies, in  0.478 seconds
Native extension for Android target not found
Android SDK Build-tools component is not found. Make sure all tools are installed in the SDK manager.
UnityEngine.StackTraceUtility:ExtractStackTrace ()
UnityEngine.DebugLogHandler:Internal_Log (UnityEngine.LogType,UnityEngine.LogOption,string,UnityEngine.Object)
UnityEngine.DebugLogHandler:LogFormat (UnityEngine.LogType,UnityEngine.Object,string,object[])
UnityEngine.Logger:Log (UnityEngine.LogType,object)
UnityEngine.Debug:LogError (object)
UnityEditor.Android.AndroidSDKTools:UpdateToolsDirectories ()
UnityEditor.Android.AndroidSDKTools:.ctor (string)
UnityEditor.Android.AndroidSDKTools:CreateAndroidSDKTools (string)
UnityEditor.Android.AndroidSDKTools:GetInstance<UnityEditor.Android.AndroidSDKTools> (UnityEditor.Android.AndroidSDKTools/InstanceCreator)
UnityEditor.Android.AndroidSDKTools:GetInstance ()
UnityEditor.Android.AndroidDeploymentTargetsExtension:GetMainThreadContext (bool)
UnityEditor.Android.TargetExtension:OnUsbDevicesChanged (UnityEditor.Hardware.UsbDevice[])
UnityEditor.Android.TargetExtension:OnLoad ()
UnityEditor.Modules.ModuleManager:InitializePlatformSupportModules ()

InvalidOperationException: Cannot start process because a file name has not been provided.
  at System.Diagnostics.Process.Start () [0x00024] in <a424216f826e4ec986df3cf1a3ff8dae>:0 
  at (wrapper remoting-invoke-with-check) System.Diagnostics.Process.Start()
  at UnityEditor.Android.ProgramAsShellExecute.Start (System.Diagnostics.ProcessStartInfo psi) [0x0000e] in <4709dcde0756469fa99c122f81326ca3>:0 
  at UnityEditor.Android.Command.RunWithShellExecute (System.String command, System.String args, System.String workingdir, System.String errorMsg) [0x0003e] in <4709dcde0756469fa99c122f81326ca3>:0 
  at UnityEditor.Android.ADB.StartServer () [0x00013] in <4709dcde0756469fa99c122f81326ca3>:0 
  at UnityEditor.Android.ADB.Run (System.String[] command, UnityEditor.Android.Command+WaitingForProcessToExit waitingForProcessToExit, System.String errorMsg) [0x0000b] in <4709dcde0756469fa99c122f81326ca3>:0 
  at UnityEditor.Android.AndroidDeploymentTargetsExtension.GetKnownTargets (UnityEditor.DeploymentTargets.IDeploymentTargetsMainThreadContext context, UnityEditor.ProgressHandler progressHandler) [0x00284] in <4709dcde0756469fa99c122f81326ca3>:0 
  at UnityEditor.Android.TargetScanWorker.ScanSync () [0x00039] in <4709dcde0756469fa99c122f81326ca3>:0 
  at UnityEditor.Android.TargetExtension.OnUsbDevicesChanged (UnityEditor.Hardware.UsbDevice[] usbDevices) [0x00081] in <4709dcde0756469fa99c122f81326ca3>:0 
  at UnityEditor.Android.TargetExtension.OnLoad () [0x000ad] in <4709dcde0756469fa99c122f81326ca3>:0 
  at UnityEditor.Modules.ModuleManager.InitializePlatformSupportModules () [0x000b9] in <8059afc4969f4faea44ce7e8d8dd149e>:0 

Mono: successfully reloaded assembly
C:\build\output\Unity-Technologies\mono\mono\metadata\icall.c:1842:
C:\build\output\Unity-Technologies\mono\mono\metadata\icall.c:1842:
- Finished resetting the current domain, in  0.532 seconds
Domain Reload Profiling: 1008ms
	BeginReloadAssembly (149ms)
		ExecutionOrderSort (0ms)
		DisableScriptedObjects (0ms)
		BackupInstance (0ms)
		ReleaseScriptingObjects (0ms)
		CreateAndSetChildDomain (1ms)
	RebuildCommonClasses (40ms)
	RebuildNativeTypeToScriptingClass (16ms)
	initialDomainReloadingComplete (56ms)
	LoadAllAssembliesAndSetupDomain (215ms)
		LoadAssemblies (146ms)
		RebuildTransferFunctionScriptingTraits (0ms)
		AnalyzeDomain (210ms)
			TypeCache.Refresh (209ms)
				TypeCache.ScanAssembly (196ms)
			ScanForSourceGeneratedMonoScriptInfo (0ms)
			ResolveRequiredComponents (0ms)
	FinalizeReload (532ms)
		ReleaseScriptCaches (0ms)
		RebuildScriptCaches (0ms)
		SetupLoadedEditorAssemblies (460ms)
			LogAssemblyErrors (0ms)
			InitializePlatformSupportModulesInManaged (148ms)
			SetLoadedEditorAssemblies (5ms)
			BeforeProcessingInitializeOnLoad (10ms)
			ProcessInitializeOnLoadAttributes (199ms)
			ProcessInitializeOnLoadMethodAttributes (98ms)
			AfterProcessingInitializeOnLoad (0ms)
			EditorAssembliesLoaded (0ms)
		ExecutionOrderSort2 (0ms)
		AwakeInstancesAfterBackupRestoration (0ms)
========================================================================
Worker process is ready to serve import requests
Import Worker Mode flag is 0x00
Begin MonoManager ReloadAssembly
C:\build\output\Unity-Technologies\mono\mono\metadata\icall.c:1842:
C:\build\output\Unity-Technologies\mono\mono\metadata\icall.c:1842:
C:\build\output\Unity-Technologies\mono\mono\metadata\icall.c:1842:
C:\build\output\Unity-Technologies\mono\mono\metadata\icall.c:1842:
C:\build\output\Unity-Technologies\mono\mono\metadata\icall.c:1842:
C:\build\output\Unity-Technologies\mono\mono\metadata\icall.c:1842:
C:\build\output\Unity-Technologies\mono\mono\metadata\icall.c:1842:
C:\build\output\Unity-Technologies\mono\mono\metadata\icall.c:1842:
C:\build\output\Unity-Technologies\mono\mono\metadata\icall.c:1842:
C:\build\output\Unity-Technologies\mono\mono\metadata\icall.c:1842:
C:\build\output\Unity-Technologies\mono\mono\metadata\icall.c:1842:
C:\build\output\Unity-Technologies\mono\mono\metadata\icall.c:1842:
Symbol file LoadedFromMemory doesn't match image D:\chap_defil_auto\Library\PackageCache\com.unity.visualscripting@1.8.0\Editor\VisualScripting.Core\Dependencies\YamlDotNet\Unity.VisualScripting.YamlDotNet.dll
Symbol file LoadedFromMemory doesn't match image D:\chap_defil_auto\Library\PackageCache\com.unity.visualscripting@1.8.0\Editor\VisualScripting.Core\Dependencies\DotNetZip\Unity.VisualScripting.IonicZip.dll
- Loaded All Assemblies, in  1.110 seconds
Refreshing native plugins compatible for Editor in 2.16 ms, found 4 plugins.
Native extension for Android target not found
Native extension for WindowsStandalone target not found
Mono: successfully reloaded assembly
- Finished resetting the current domain, in  0.878 seconds
Domain Reload Profiling: 1985ms
	BeginReloadAssembly (402ms)
		ExecutionOrderSort (0ms)
		DisableScriptedObjects (7ms)
		BackupInstance (0ms)
		ReleaseScriptingObjects (0ms)
		CreateAndSetChildDomain (38ms)
	RebuildCommonClasses (40ms)
	RebuildNativeTypeToScriptingClass (12ms)
	initialDomainReloadingComplete (39ms)
	LoadAllAssembliesAndSetupDomain (614ms)
		LoadAssemblies (331ms)
		RebuildTransferFunctionScriptingTraits (0ms)
		AnalyzeDomain (389ms)
			TypeCache.Refresh (361ms)
				TypeCache.ScanAssembly (340ms)
			ScanForSourceGeneratedMonoScriptInfo (22ms)
			ResolveRequiredComponents (6ms)
	FinalizeReload (878ms)
		ReleaseScriptCaches (0ms)
		RebuildScriptCaches (0ms)
		SetupLoadedEditorAssemblies (605ms)
			LogAssemblyErrors (0ms)
			InitializePlatformSupportModulesInManaged (29ms)
			SetLoadedEditorAssemblies (5ms)
			BeforeProcessingInitializeOnLoad (117ms)
			ProcessInitializeOnLoadAttributes (403ms)
			ProcessInitializeOnLoadMethodAttributes (43ms)
			AfterProcessingInitializeOnLoad (8ms)
			EditorAssembliesLoaded (0ms)
		ExecutionOrderSort2 (0ms)
		AwakeInstancesAfterBackupRestoration (10ms)
Launched and connected shader compiler UnityShaderCompiler.exe after 0.01 seconds
Refreshing native plugins compatible for Editor in 4.20 ms, found 4 plugins.
Preloading 0 native plugins for Editor in 0.00 ms.
Unloading 4140 Unused Serialized files (Serialized files now loaded: 0)
Unloading 63 unused Assets / (57.1 KB). Loaded Objects now: 4682.
Memory consumption went from 151.6 MB to 151.5 MB.
Total: 8.017000 ms (FindLiveObjects: 0.447800 ms CreateObjectMapping: 0.455100 ms MarkObjects: 6.941400 ms  DeleteObjects: 0.171500 ms)

AssetImportParameters requested are different than current active one (requested -> active):
  custom:video-decoder-webm-vp8: 9c59270c3fd7afecdb556c50c9e8de78 -> 
  custom:audio-encoder-webm-vorbis: bf7c407c2cedff20999df2af8eb42d56 -> 
  custom:AudioImporter_EditorPlatform: d09bf68614088b80899f8185d706f6e7 -> 
  custom:audio-decoder-ogg-vorbis: bf7c407c2cedff20999df2af8eb42d56 -> 
  custom:video-encoder-webm-vp8: eb34c28f22e8b96e1ab97ce403110664 -> 
  custom:container-demuxer-ogg: 62fdf1f143b41e24485cea50d1cbac27 -> 
  custom:framework-win-MediaFoundation: 216162199b28c13a410421893ffa2e32 -> 
  custom:video-decoder-ogg-theora: a1e56fd34408186e4bbccfd4996cb3dc -> 
  custom:container-muxer-webm: aa71ff27fc2769a1b78a27578f13a17b -> 
  custom:container-demuxer-webm: 4f35f7cbe854078d1ac9338744f61a02 -> 
========================================================================
Received Import Request.
  Time since last request: 1482.474991 seconds.
  path: Assets/tilesheet/scene_sprite_fver-Sheet_base_44.asset
  artifactKey: Guid(b4a072c910795da41bc7595d8567c2a8) Importer(815301076,1909f56bfc062723c751e8b465ee728b)
Start importing Assets/tilesheet/scene_sprite_fver-Sheet_base_44.asset using Guid(b4a072c910795da41bc7595d8567c2a8) Importer(815301076,1909f56bfc062723c751e8b465ee728b)  -> (artifact id: '1328d0841920fffbfda91d696a1f879f') in 0.136009 seconds
Number of updated asset objects reloaded before import = 0
Number of asset objects unloaded after import = 3
========================================================================
Received Import Request.
  Time since last request: 0.000044 seconds.
  path: Assets/tilesheet/scene_sprite_fver-Sheet_base_2.asset
  artifactKey: Guid(27f6a377a31242141997471d1d62253f) Importer(815301076,1909f56bfc062723c751e8b465ee728b)
Start importing Assets/tilesheet/scene_sprite_fver-Sheet_base_2.asset using Guid(27f6a377a31242141997471d1d62253f) Importer(815301076,1909f56bfc062723c751e8b465ee728b)  -> (artifact id: 'bd05f6efbf0071002cd1ba8def152915') in 0.009283 seconds
Number of updated asset objects reloaded before import = 0
Number of asset objects unloaded after import = 3
========================================================================
Received Import Request.
  Time since last request: 0.000015 seconds.
  path: Assets/tilesheet/scene_sprite_fver-Sheet_base_14.asset
  artifactKey: Guid(326052a4980cfc449a86db8a0199f950) Importer(815301076,1909f56bfc062723c751e8b465ee728b)
Start importing Assets/tilesheet/scene_sprite_fver-Sheet_base_14.asset using Guid(326052a4980cfc449a86db8a0199f950) Importer(815301076,1909f56bfc062723c751e8b465ee728b)  -> (artifact id: '8cd022dd4bde7139beda6a487ec99da9') in 0.005228 seconds
Number of updated asset objects reloaded before import = 0
Number of asset objects unloaded after import = 3
========================================================================
Received Import Request.
  Time since last request: 0.000017 seconds.
  path: Assets/tilesheet/bg_top-Sheet (1)_14.asset
  artifactKey: Guid(5d94b915f5c96534992400f4407ecf2a) Importer(815301076,1909f56bfc062723c751e8b465ee728b)
Start importing Assets/tilesheet/bg_top-Sheet (1)_14.asset using Guid(5d94b915f5c96534992400f4407ecf2a) Importer(815301076,1909f56bfc062723c751e8b465ee728b)  -> (artifact id: '747def85297e1f522e445b611e086ad6') in 0.009142 seconds
Number of updated asset objects reloaded before import = 0
Number of asset objects unloaded after import = 3
========================================================================
Received Import Request.
  Time since last request: 0.000017 seconds.
  path: Assets/tilesheet/scene_sprite_fver-Sheet_base_11.asset
  artifactKey: Guid(ca6e0fc40d0685a4b8a0fc03e22865a4) Importer(815301076,1909f56bfc062723c751e8b465ee728b)
Start importing Assets/tilesheet/scene_sprite_fver-Sheet_base_11.asset using Guid(ca6e0fc40d0685a4b8a0fc03e22865a4) Importer(815301076,1909f56bfc062723c751e8b465ee728b)  -> (artifact id: '4b39d9319720939b6e6bbc429e2aa81c') in 0.012111 seconds
Number of updated asset objects reloaded before import = 0
Number of asset objects unloaded after import = 3
========================================================================
Received Import Request.
  Time since last request: 0.000011 seconds.
  path: Assets/tilesheet/scene_sprite_fver-Sheet_base_10.asset
  artifactKey: Guid(ab975bc358931294bae3407cc2eebe9a) Importer(815301076,1909f56bfc062723c751e8b465ee728b)
Start importing Assets/tilesheet/scene_sprite_fver-Sheet_base_10.asset using Guid(ab975bc358931294bae3407cc2eebe9a) Importer(815301076,1909f56bfc062723c751e8b465ee728b)  -> (artifact id: '39545a345030bca2219156e1eb78d8e7') in 0.012695 seconds
Number of updated asset objects reloaded before import = 0
Number of asset objects unloaded after import = 3
========================================================================
Received Import Request.
  Time since last request: 0.000017 seconds.
  path: Assets/tilesheet/bg_top-Sheet (1)_19.asset
  artifactKey: Guid(ffd083f4c92b0794daf4f1b89438850f) Importer(815301076,1909f56bfc062723c751e8b465ee728b)
Start importing Assets/tilesheet/bg_top-Sheet (1)_19.asset using Guid(ffd083f4c92b0794daf4f1b89438850f) Importer(815301076,1909f56bfc062723c751e8b465ee728b)  -> (artifact id: 'edc73fbc92e1f79645e599c56aac1d09') in 0.010183 seconds
Number of updated asset objects reloaded before import = 0
Number of asset objects unloaded after import = 3
========================================================================
Received Import Request.
  Time since last request: 0.000015 seconds.
  path: Assets/tilesheet/bg_top-Sheet (1)_10.asset
  artifactKey: Guid(3be9b6a2e33d4ef4eb943367bb827a81) Importer(815301076,1909f56bfc062723c751e8b465ee728b)
Start importing Assets/tilesheet/bg_top-Sheet (1)_10.asset using Guid(3be9b6a2e33d4ef4eb943367bb827a81) Importer(815301076,1909f56bfc062723c751e8b465ee728b)  -> (artifact id: '6beed583dd17defd99f4dd4a77caa7db') in 0.012229 seconds
Number of updated asset objects reloaded before import = 0
Number of asset objects unloaded after import = 3
========================================================================
Received Import Request.
  Time since last request: 0.000015 seconds.
  path: Assets/tilesheet/bg_top-Sheet (1)_26.asset
  artifactKey: Guid(2411cfbfa41773f4ba2ddb9b83ad5282) Importer(815301076,1909f56bfc062723c751e8b465ee728b)
Start importing Assets/tilesheet/bg_top-Sheet (1)_26.asset using Guid(2411cfbfa41773f4ba2ddb9b83ad5282) Importer(815301076,1909f56bfc062723c751e8b465ee728b)  -> (artifact id: 'e181399c7a8c8289af0bf1a2d9e1217c') in 0.013719 seconds
Number of updated asset objects reloaded before import = 0
Number of asset objects unloaded after import = 3
========================================================================
Received Import Request.
  Time since last request: 0.000014 seconds.
  path: Assets/tilesheet/scene_sprite_fver-Sheet_base_40.asset
  artifactKey: Guid(c67df62dc10c2014596cd78c896bb394) Importer(815301076,1909f56bfc062723c751e8b465ee728b)
Start importing Assets/tilesheet/scene_sprite_fver-Sheet_base_40.asset using Guid(c67df62dc10c2014596cd78c896bb394) Importer(815301076,1909f56bfc062723c751e8b465ee728b)  -> (artifact id: '3ef90ee09886f2c65e254a3b285517ba') in 0.010000 seconds
Number of updated asset objects reloaded before import = 0
Number of asset objects unloaded after import = 3
========================================================================
Received Import Request.
  Time since last request: 0.000012 seconds.
  path: Assets/tilesheet/bg_top-Sheet (1)_0.asset
  artifactKey: Guid(3a467fd8370a44d4cb66678cdad54ec4) Importer(815301076,1909f56bfc062723c751e8b465ee728b)
Start importing Assets/tilesheet/bg_top-Sheet (1)_0.asset using Guid(3a467fd8370a44d4cb66678cdad54ec4) Importer(815301076,1909f56bfc062723c751e8b465ee728b)  -> (artifact id: 'a3451fa0a471e1cd8efe777ac2aa97e9') in 0.005016 seconds
Number of updated asset objects reloaded before import = 0
Number of asset objects unloaded after import = 3
========================================================================
Received Import Request.
  Time since last request: 0.000015 seconds.
  path: Assets/tilesheet/Fonsation.prefab
  artifactKey: Guid(2c508c22761de1547a1e2460d716d9da) Importer(815301076,1909f56bfc062723c751e8b465ee728b)
Start importing Assets/tilesheet/Fonsation.prefab using Guid(2c508c22761de1547a1e2460d716d9da) Importer(815301076,1909f56bfc062723c751e8b465ee728b)  -> (artifact id: '65a2e06f5376b3681810976b1a893de8') in 0.058992 seconds
Number of updated asset objects reloaded before import = 0
Number of asset objects unloaded after import = 75
========================================================================
Received Import Request.
  Time since last request: 0.000019 seconds.
  path: Assets/tilesheet/scene_sprite_fver-Sheet_base_8.asset
  artifactKey: Guid(78d6e6663a07e0344afa2262ef006a59) Importer(815301076,1909f56bfc062723c751e8b465ee728b)
Start importing Assets/tilesheet/scene_sprite_fver-Sheet_base_8.asset using Guid(78d6e6663a07e0344afa2262ef006a59) Importer(815301076,1909f56bfc062723c751e8b465ee728b)  -> (artifact id: '03fda2a22a1fbf6c39f056de9b7de165') in 0.017625 seconds
Number of updated asset objects reloaded before import = 0
Number of asset objects unloaded after import = 3
========================================================================
Received Import Request.
  Time since last request: 0.000015 seconds.
  path: Assets/tilesheet/bg_top-Sheet (1)_4.asset
  artifactKey: Guid(055ea1b952c59c4429345dd27aff2e85) Importer(815301076,1909f56bfc062723c751e8b465ee728b)
Start importing Assets/tilesheet/bg_top-Sheet (1)_4.asset using Guid(055ea1b952c59c4429345dd27aff2e85) Importer(815301076,1909f56bfc062723c751e8b465ee728b)  -> (artifact id: 'fe73d394275f1fbd27058d1ebed534ee') in 0.008204 seconds
Number of updated asset objects reloaded before import = 0
Number of asset objects unloaded after import = 3
========================================================================
Received Import Request.
  Time since last request: 0.000016 seconds.
  path: Assets/tilesheet/scene_sprite_fver-Sheet_base_32.asset
  artifactKey: Guid(29c974fb12a255a4ebac0a3ec80ed0e7) Importer(815301076,1909f56bfc062723c751e8b465ee728b)
Start importing Assets/tilesheet/scene_sprite_fver-Sheet_base_32.asset using Guid(29c974fb12a255a4ebac0a3ec80ed0e7) Importer(815301076,1909f56bfc062723c751e8b465ee728b)  -> (artifact id: '5af62d54491b05222068c25968154d74') in 0.014474 seconds
Number of updated asset objects reloaded before import = 0
Number of asset objects unloaded after import = 3
========================================================================
Received Import Request.
  Time since last request: 0.000020 seconds.
  path: Assets/tilesheet/scene_sprite_fver-Sheet_base_4.asset
  artifactKey: Guid(06cf20678fdf4b84bb694c7fc976a36c) Importer(815301076,1909f56bfc062723c751e8b465ee728b)
Start importing Assets/tilesheet/scene_sprite_fver-Sheet_base_4.asset using Guid(06cf20678fdf4b84bb694c7fc976a36c) Importer(815301076,1909f56bfc062723c751e8b465ee728b)  -> (artifact id: '57d7af9be03cb4f2f83c22847caa1f75') in 0.004493 seconds
Number of updated asset objects reloaded before import = 0
Number of asset objects unloaded after import = 3
========================================================================
Received Import Request.
  Time since last request: 0.000020 seconds.
  path: Assets/tilesheet/scene_sprite_fver-Sheet_base_25.asset
  artifactKey: Guid(7f665eb98937699469a5a9560bb12f75) Importer(815301076,1909f56bfc062723c751e8b465ee728b)
Start importing Assets/tilesheet/scene_sprite_fver-Sheet_base_25.asset using Guid(7f665eb98937699469a5a9560bb12f75) Importer(815301076,1909f56bfc062723c751e8b465ee728b)  -> (artifact id: 'bebdd07c1868941209dd596f7771ad5c') in 0.019022 seconds
Number of updated asset objects reloaded before import = 0
Number of asset objects unloaded after import = 3
========================================================================
Received Import Request.
  Time since last request: 4.068039 seconds.
  path: Assets/sprite/forest_2.png
  artifactKey: Guid(484e5e14c92d6f64393f74c39862df65) Importer(815301076,1909f56bfc062723c751e8b465ee728b)
Start importing Assets/sprite/forest_2.png using Guid(484e5e14c92d6f64393f74c39862df65) Importer(815301076,1909f56bfc062723c751e8b465ee728b)  -> (artifact id: 'ebfd3aa18dea1e274aed35ec03b8359a') in 0.030270 seconds
Number of updated asset objects reloaded before import = 0
Number of asset objects unloaded after import = 3
========================================================================
Received Import Request.
  Time since last request: 0.000015 seconds.
  path: Assets/sprite/wolf (1).png
  artifactKey: Guid(868e90b82b48f8a4291653322590a6f9) Importer(815301076,1909f56bfc062723c751e8b465ee728b)
Start importing Assets/sprite/wolf (1).png using Guid(868e90b82b48f8a4291653322590a6f9) Importer(815301076,1909f56bfc062723c751e8b465ee728b)  -> (artifact id: '0d01501938fe1c3928035f3713eabfcf') in 0.033112 seconds
Number of updated asset objects reloaded before import = 0
Number of asset objects unloaded after import = 8
========================================================================
Received Import Request.
  Time since last request: 0.000021 seconds.
  path: Assets/sprite/scene_sprite_fver-Sheet_bush.png
  artifactKey: Guid(ea6042b7f35579e46ae856f25c67abfe) Importer(815301076,1909f56bfc062723c751e8b465ee728b)
Start importing Assets/sprite/scene_sprite_fver-Sheet_bush.png using Guid(ea6042b7f35579e46ae856f25c67abfe) Importer(815301076,1909f56bfc062723c751e8b465ee728b)  -> (artifact id: '9dcaabeeec1848497317a5251198c0a4') in 0.013198 seconds
Number of updated asset objects reloaded before import = 0
Number of asset objects unloaded after import = 3
