Using pre-set license
Built from '2023.1/staging' branch; Version is '2023.1.10f1 (661833f8c66c) revision 6690867'; Using compiler version '192829333'; Build Type 'Release'
OS: 'Windows 10  (10.0.19045) 64bit Education' Language: 'fr' Physical Memory: 32598 MB
BatchMode: 1, IsHumanControllingUs: 0, StartBugReporterOnCrash: 0, Is64bit: 1, IsPro: 1

COMMAND LINE ARGUMENTS:
C:\Program Files\Unity\Hub\Editor\2023.1.10f1\Editor\Unity.exe
-adb2
-batchMode
-noUpm
-name
AssetImportWorker3
-projectPath
D:/chap_defil_auto
-logFile
Logs/AssetImportWorker3.log
-srvPort
57026
Successfully changed project path to: D:/chap_defil_auto
D:/chap_defil_auto
[UnityMemory] Configuration Parameters - Can be set up in boot.config
    "memorysetup-bucket-allocator-granularity=16"
    "memorysetup-bucket-allocator-bucket-count=8"
    "memorysetup-bucket-allocator-block-size=33554432"
    "memorysetup-bucket-allocator-block-count=8"
    "memorysetup-main-allocator-block-size=16777216"
    "memorysetup-thread-allocator-block-size=16777216"
    "memorysetup-gfx-main-allocator-block-size=16777216"
    "memorysetup-gfx-thread-allocator-block-size=16777216"
    "memorysetup-cache-allocator-block-size=4194304"
    "memorysetup-typetree-allocator-block-size=2097152"
    "memorysetup-profiler-bucket-allocator-granularity=16"
    "memorysetup-profiler-bucket-allocator-bucket-count=8"
    "memorysetup-profiler-bucket-allocator-block-size=33554432"
    "memorysetup-profiler-bucket-allocator-block-count=8"
    "memorysetup-profiler-allocator-block-size=16777216"
    "memorysetup-profiler-editor-allocator-block-size=1048576"
    "memorysetup-temp-allocator-size-main=16777216"
    "memorysetup-job-temp-allocator-block-size=2097152"
    "memorysetup-job-temp-allocator-block-size-background=1048576"
    "memorysetup-job-temp-allocator-reduction-small-platforms=262144"
    "memorysetup-allocator-temp-initial-block-size-main=262144"
    "memorysetup-allocator-temp-initial-block-size-worker=262144"
    "memorysetup-temp-allocator-size-background-worker=32768"
    "memorysetup-temp-allocator-size-job-worker=262144"
    "memorysetup-temp-allocator-size-preload-manager=33554432"
    "memorysetup-temp-allocator-size-nav-mesh-worker=65536"
    "memorysetup-temp-allocator-size-audio-worker=65536"
    "memorysetup-temp-allocator-size-cloud-worker=32768"
    "memorysetup-temp-allocator-size-gi-baking-worker=262144"
    "memorysetup-temp-allocator-size-gfx=262144"
Player connection [21376] Host "[IP] 10.69.213.15 [Port] 0 [Flags] 2 [Guid] 4149785782 [EditorId] 4149785782 [Version] 1048832 [Id] WindowsEditor(7,BLC-DAU-LAB-201) [Debug] 1 [PackageName] WindowsEditor [ProjectName] Editor" joined multi-casting on [225.0.0.222:54997]...

Player connection [21376] Host "[IP] 10.69.213.15 [Port] 0 [Flags] 2 [Guid] 4149785782 [EditorId] 4149785782 [Version] 1048832 [Id] WindowsEditor(7,BLC-DAU-LAB-201) [Debug] 1 [PackageName] WindowsEditor [ProjectName] Editor" joined alternative multi-casting on [225.0.0.222:34997]...

[Physics::Module] Initialized MultithreadedJobDispatcher with 11 workers.
Library Redirect Path: Library/Refreshing native plugins compatible for Editor in 10.75 ms, found 4 plugins.
Preloading 0 native plugins for Editor in 0.00 ms.
Initialize engine version: 2023.1.10f1 (661833f8c66c)
[Subsystems] Discovering subsystems at path C:/Program Files/Unity/Hub/Editor/2023.1.10f1/Editor/Data/Resources/UnitySubsystems
[Subsystems] Discovering subsystems at path D:/chap_defil_auto/Assets
GfxDevice: creating device client; threaded=0; jobified=0
Direct3D:
    Version:  Direct3D 11.0 [level 11.1]
    Renderer: NVIDIA GeForce GTX 1080 (ID=0x1b80)
    Vendor:   NVIDIA
    VRAM:     8072 MB
    Driver:   31.0.15.3598
Initialize mono
Mono path[0] = 'C:/Program Files/Unity/Hub/Editor/2023.1.10f1/Editor/Data/Managed'
Mono path[1] = 'C:/Program Files/Unity/Hub/Editor/2023.1.10f1/Editor/Data/MonoBleedingEdge/lib/mono/unityjit-win32'
Mono config path = 'C:/Program Files/Unity/Hub/Editor/2023.1.10f1/Editor/Data/MonoBleedingEdge/etc'
Using monoOptions --debugger-agent=transport=dt_socket,embedding=1,server=y,suspend=n,address=127.0.0.1:56428
Begin MonoManager ReloadAssembly
C:\build\output\Unity-Technologies\mono\mono\metadata\icall.c:1842:
C:\build\output\Unity-Technologies\mono\mono\metadata\icall.c:1842:
C:\build\output\Unity-Technologies\mono\mono\metadata\icall.c:1842:
C:\build\output\Unity-Technologies\mono\mono\metadata\icall.c:1842:
C:\build\output\Unity-Technologies\mono\mono\metadata\icall.c:1842:
C:\build\output\Unity-Technologies\mono\mono\metadata\icall.c:1842:
C:\build\output\Unity-Technologies\mono\mono\metadata\icall.c:1842:
C:\build\output\Unity-Technologies\mono\mono\metadata\icall.c:1842:
C:\build\output\Unity-Technologies\mono\mono\metadata\icall.c:1842:
C:\build\output\Unity-Technologies\mono\mono\metadata\icall.c:1842:
Registering precompiled unity dll's ...
Register platform support module: C:/Program Files/Unity/Hub/Editor/2023.1.10f1/Editor/Data/PlaybackEngines/WindowsStandaloneSupport/UnityEditor.WindowsStandalone.Extensions.dll
Register platform support module: C:/Program Files/Unity/Hub/Editor/2023.1.10f1/Editor/Data/PlaybackEngines/AndroidPlayer/UnityEditor.Android.Extensions.dll
Registered in 0.005265 seconds.
- Loaded All Assemblies, in  0.495 seconds
Native extension for Android target not found
Android SDK Build-tools component is not found. Make sure all tools are installed in the SDK manager.
UnityEngine.StackTraceUtility:ExtractStackTrace ()
UnityEngine.DebugLogHandler:Internal_Log (UnityEngine.LogType,UnityEngine.LogOption,string,UnityEngine.Object)
UnityEngine.DebugLogHandler:LogFormat (UnityEngine.LogType,UnityEngine.Object,string,object[])
UnityEngine.Logger:Log (UnityEngine.LogType,object)
UnityEngine.Debug:LogError (object)
UnityEditor.Android.AndroidSDKTools:UpdateToolsDirectories ()
UnityEditor.Android.AndroidSDKTools:.ctor (string)
UnityEditor.Android.AndroidSDKTools:CreateAndroidSDKTools (string)
UnityEditor.Android.AndroidSDKTools:GetInstance<UnityEditor.Android.AndroidSDKTools> (UnityEditor.Android.AndroidSDKTools/InstanceCreator)
UnityEditor.Android.AndroidSDKTools:GetInstance ()
UnityEditor.Android.AndroidDeploymentTargetsExtension:GetMainThreadContext (bool)
UnityEditor.Android.TargetExtension:OnUsbDevicesChanged (UnityEditor.Hardware.UsbDevice[])
UnityEditor.Android.TargetExtension:OnLoad ()
UnityEditor.Modules.ModuleManager:InitializePlatformSupportModules ()

InvalidOperationException: Cannot start process because a file name has not been provided.
  at System.Diagnostics.Process.Start () [0x00024] in <a424216f826e4ec986df3cf1a3ff8dae>:0 
  at (wrapper remoting-invoke-with-check) System.Diagnostics.Process.Start()
  at UnityEditor.Android.ProgramAsShellExecute.Start (System.Diagnostics.ProcessStartInfo psi) [0x0000e] in <4709dcde0756469fa99c122f81326ca3>:0 
  at UnityEditor.Android.Command.RunWithShellExecute (System.String command, System.String args, System.String workingdir, System.String errorMsg) [0x0003e] in <4709dcde0756469fa99c122f81326ca3>:0 
  at UnityEditor.Android.ADB.StartServer () [0x00013] in <4709dcde0756469fa99c122f81326ca3>:0 
  at UnityEditor.Android.ADB.Run (System.String[] command, UnityEditor.Android.Command+WaitingForProcessToExit waitingForProcessToExit, System.String errorMsg) [0x0000b] in <4709dcde0756469fa99c122f81326ca3>:0 
  at UnityEditor.Android.AndroidDeploymentTargetsExtension.GetKnownTargets (UnityEditor.DeploymentTargets.IDeploymentTargetsMainThreadContext context, UnityEditor.ProgressHandler progressHandler) [0x00284] in <4709dcde0756469fa99c122f81326ca3>:0 
  at UnityEditor.Android.TargetScanWorker.ScanSync () [0x00039] in <4709dcde0756469fa99c122f81326ca3>:0 
  at UnityEditor.Android.TargetExtension.OnUsbDevicesChanged (UnityEditor.Hardware.UsbDevice[] usbDevices) [0x00081] in <4709dcde0756469fa99c122f81326ca3>:0 
  at UnityEditor.Android.TargetExtension.OnLoad () [0x000ad] in <4709dcde0756469fa99c122f81326ca3>:0 
  at UnityEditor.Modules.ModuleManager.InitializePlatformSupportModules () [0x000b9] in <8059afc4969f4faea44ce7e8d8dd149e>:0 

Mono: successfully reloaded assembly
C:\build\output\Unity-Technologies\mono\mono\metadata\icall.c:1842:
C:\build\output\Unity-Technologies\mono\mono\metadata\icall.c:1842:
- Finished resetting the current domain, in  0.543 seconds
Domain Reload Profiling: 1036ms
	BeginReloadAssembly (148ms)
		ExecutionOrderSort (0ms)
		DisableScriptedObjects (0ms)
		BackupInstance (0ms)
		ReleaseScriptingObjects (0ms)
		CreateAndSetChildDomain (1ms)
	RebuildCommonClasses (52ms)
	RebuildNativeTypeToScriptingClass (14ms)
	initialDomainReloadingComplete (71ms)
	LoadAllAssembliesAndSetupDomain (208ms)
		LoadAssemblies (145ms)
		RebuildTransferFunctionScriptingTraits (0ms)
		AnalyzeDomain (202ms)
			TypeCache.Refresh (201ms)
				TypeCache.ScanAssembly (186ms)
			ScanForSourceGeneratedMonoScriptInfo (1ms)
			ResolveRequiredComponents (0ms)
	FinalizeReload (543ms)
		ReleaseScriptCaches (0ms)
		RebuildScriptCaches (0ms)
		SetupLoadedEditorAssemblies (480ms)
			LogAssemblyErrors (0ms)
			InitializePlatformSupportModulesInManaged (164ms)
			SetLoadedEditorAssemblies (5ms)
			BeforeProcessingInitializeOnLoad (10ms)
			ProcessInitializeOnLoadAttributes (203ms)
			ProcessInitializeOnLoadMethodAttributes (97ms)
			AfterProcessingInitializeOnLoad (0ms)
			EditorAssembliesLoaded (0ms)
		ExecutionOrderSort2 (0ms)
		AwakeInstancesAfterBackupRestoration (0ms)
========================================================================
Worker process is ready to serve import requests
Import Worker Mode flag is 0x00
Begin MonoManager ReloadAssembly
C:\build\output\Unity-Technologies\mono\mono\metadata\icall.c:1842:
C:\build\output\Unity-Technologies\mono\mono\metadata\icall.c:1842:
C:\build\output\Unity-Technologies\mono\mono\metadata\icall.c:1842:
C:\build\output\Unity-Technologies\mono\mono\metadata\icall.c:1842:
C:\build\output\Unity-Technologies\mono\mono\metadata\icall.c:1842:
C:\build\output\Unity-Technologies\mono\mono\metadata\icall.c:1842:
C:\build\output\Unity-Technologies\mono\mono\metadata\icall.c:1842:
C:\build\output\Unity-Technologies\mono\mono\metadata\icall.c:1842:
C:\build\output\Unity-Technologies\mono\mono\metadata\icall.c:1842:
C:\build\output\Unity-Technologies\mono\mono\metadata\icall.c:1842:
C:\build\output\Unity-Technologies\mono\mono\metadata\icall.c:1842:
C:\build\output\Unity-Technologies\mono\mono\metadata\icall.c:1842:
Symbol file LoadedFromMemory doesn't match image D:\chap_defil_auto\Library\PackageCache\com.unity.visualscripting@1.8.0\Editor\VisualScripting.Core\Dependencies\YamlDotNet\Unity.VisualScripting.YamlDotNet.dll
Symbol file LoadedFromMemory doesn't match image D:\chap_defil_auto\Library\PackageCache\com.unity.visualscripting@1.8.0\Editor\VisualScripting.Core\Dependencies\DotNetZip\Unity.VisualScripting.IonicZip.dll
- Loaded All Assemblies, in  1.117 seconds
Refreshing native plugins compatible for Editor in 3.26 ms, found 4 plugins.
Native extension for Android target not found
Native extension for WindowsStandalone target not found
Mono: successfully reloaded assembly
- Finished resetting the current domain, in  0.871 seconds
Domain Reload Profiling: 1985ms
	BeginReloadAssembly (385ms)
		ExecutionOrderSort (0ms)
		DisableScriptedObjects (7ms)
		BackupInstance (0ms)
		ReleaseScriptingObjects (0ms)
		CreateAndSetChildDomain (41ms)
	RebuildCommonClasses (36ms)
	RebuildNativeTypeToScriptingClass (13ms)
	initialDomainReloadingComplete (45ms)
	LoadAllAssembliesAndSetupDomain (636ms)
		LoadAssemblies (346ms)
		RebuildTransferFunctionScriptingTraits (0ms)
		AnalyzeDomain (401ms)
			TypeCache.Refresh (368ms)
				TypeCache.ScanAssembly (349ms)
			ScanForSourceGeneratedMonoScriptInfo (25ms)
			ResolveRequiredComponents (7ms)
	FinalizeReload (871ms)
		ReleaseScriptCaches (0ms)
		RebuildScriptCaches (0ms)
		SetupLoadedEditorAssemblies (604ms)
			LogAssemblyErrors (0ms)
			InitializePlatformSupportModulesInManaged (27ms)
			SetLoadedEditorAssemblies (5ms)
			BeforeProcessingInitializeOnLoad (119ms)
			ProcessInitializeOnLoadAttributes (409ms)
			ProcessInitializeOnLoadMethodAttributes (39ms)
			AfterProcessingInitializeOnLoad (5ms)
			EditorAssembliesLoaded (0ms)
		ExecutionOrderSort2 (0ms)
		AwakeInstancesAfterBackupRestoration (7ms)
Launched and connected shader compiler UnityShaderCompiler.exe after 0.01 seconds
Refreshing native plugins compatible for Editor in 2.30 ms, found 4 plugins.
Preloading 0 native plugins for Editor in 0.00 ms.
Unloading 4140 Unused Serialized files (Serialized files now loaded: 0)
Unloading 63 unused Assets / (57.0 KB). Loaded Objects now: 4682.
Memory consumption went from 151.5 MB to 151.4 MB.
Total: 4.787000 ms (FindLiveObjects: 0.411000 ms CreateObjectMapping: 0.394400 ms MarkObjects: 3.837100 ms  DeleteObjects: 0.143000 ms)

AssetImportParameters requested are different than current active one (requested -> active):
  custom:video-decoder-webm-vp8: 9c59270c3fd7afecdb556c50c9e8de78 -> 
  custom:audio-encoder-webm-vorbis: bf7c407c2cedff20999df2af8eb42d56 -> 
  custom:AudioImporter_EditorPlatform: d09bf68614088b80899f8185d706f6e7 -> 
  custom:audio-decoder-ogg-vorbis: bf7c407c2cedff20999df2af8eb42d56 -> 
  custom:video-encoder-webm-vp8: eb34c28f22e8b96e1ab97ce403110664 -> 
  custom:container-demuxer-ogg: 62fdf1f143b41e24485cea50d1cbac27 -> 
  custom:framework-win-MediaFoundation: 216162199b28c13a410421893ffa2e32 -> 
  custom:video-decoder-ogg-theora: a1e56fd34408186e4bbccfd4996cb3dc -> 
  custom:container-muxer-webm: aa71ff27fc2769a1b78a27578f13a17b -> 
  custom:container-demuxer-webm: 4f35f7cbe854078d1ac9338744f61a02 -> 
========================================================================
Received Import Request.
  Time since last request: 1482.453093 seconds.
  path: Assets/tilesheet/bg_top-Sheet (1)_28.asset
  artifactKey: Guid(2c50e7c379e0e2a4d984b3bbbcd3945a) Importer(815301076,1909f56bfc062723c751e8b465ee728b)
Start importing Assets/tilesheet/bg_top-Sheet (1)_28.asset using Guid(2c50e7c379e0e2a4d984b3bbbcd3945a) Importer(815301076,1909f56bfc062723c751e8b465ee728b)  -> (artifact id: '0cc76e5d493ca9d9059218611dc88d33') in 0.170418 seconds
Number of updated asset objects reloaded before import = 0
Number of asset objects unloaded after import = 3
========================================================================
Received Import Request.
  Time since last request: 0.000023 seconds.
  path: Assets/tilesheet/bg_top-Sheet (1)_29.asset
  artifactKey: Guid(b8cc717ab8c2d484192056ee0db55ab7) Importer(815301076,1909f56bfc062723c751e8b465ee728b)
Start importing Assets/tilesheet/bg_top-Sheet (1)_29.asset using Guid(b8cc717ab8c2d484192056ee0db55ab7) Importer(815301076,1909f56bfc062723c751e8b465ee728b)  -> (artifact id: '253218dd489940ffac5370fe50ddfd29') in 0.013225 seconds
Number of updated asset objects reloaded before import = 0
Number of asset objects unloaded after import = 3
========================================================================
Received Import Request.
  Time since last request: 0.000013 seconds.
  path: Assets/tilesheet/scene_sprite_fver-Sheet_base_15.asset
  artifactKey: Guid(20ef4d5959a94824bbe220363c8b4db4) Importer(815301076,1909f56bfc062723c751e8b465ee728b)
Start importing Assets/tilesheet/scene_sprite_fver-Sheet_base_15.asset using Guid(20ef4d5959a94824bbe220363c8b4db4) Importer(815301076,1909f56bfc062723c751e8b465ee728b)  -> (artifact id: '5e791b779626967e957f746d6c7a19d9') in 0.011714 seconds
Number of updated asset objects reloaded before import = 0
Number of asset objects unloaded after import = 3
========================================================================
Received Import Request.
  Time since last request: 0.000013 seconds.
  path: Assets/tilesheet/bg_top-Sheet (1)_21.asset
  artifactKey: Guid(0fdb57b9e5462474fb0e7737fa8b2798) Importer(815301076,1909f56bfc062723c751e8b465ee728b)
Start importing Assets/tilesheet/bg_top-Sheet (1)_21.asset using Guid(0fdb57b9e5462474fb0e7737fa8b2798) Importer(815301076,1909f56bfc062723c751e8b465ee728b)  -> (artifact id: '5c4df69f2a1d8d8c74af8cef230d8946') in 0.004304 seconds
Number of updated asset objects reloaded before import = 0
Number of asset objects unloaded after import = 3
========================================================================
Received Import Request.
  Time since last request: 0.000013 seconds.
  path: Assets/tilesheet/scene_sprite_fver-Sheet_rock.asset
  artifactKey: Guid(8a8232ab6f68a804d9e66944868b068f) Importer(815301076,1909f56bfc062723c751e8b465ee728b)
Start importing Assets/tilesheet/scene_sprite_fver-Sheet_rock.asset using Guid(8a8232ab6f68a804d9e66944868b068f) Importer(815301076,1909f56bfc062723c751e8b465ee728b)  -> (artifact id: '2dfb8674c6a4f700f6b404d11b069efb') in 0.009876 seconds
Number of updated asset objects reloaded before import = 0
Number of asset objects unloaded after import = 3
========================================================================
Received Import Request.
  Time since last request: 0.000017 seconds.
  path: Assets/tilesheet/scene_sprite_fver-Sheet_base_30.asset
  artifactKey: Guid(4a67e2a6a1a0b1b499787443227142f4) Importer(815301076,1909f56bfc062723c751e8b465ee728b)
Start importing Assets/tilesheet/scene_sprite_fver-Sheet_base_30.asset using Guid(4a67e2a6a1a0b1b499787443227142f4) Importer(815301076,1909f56bfc062723c751e8b465ee728b)  -> (artifact id: '98babac519a15f9e1859d43706d08e7c') in 0.008803 seconds
Number of updated asset objects reloaded before import = 0
Number of asset objects unloaded after import = 3
========================================================================
Received Import Request.
  Time since last request: 0.000013 seconds.
  path: Assets/tilesheet/scene_sprite_fver-Sheet_base_16.asset
  artifactKey: Guid(787705ce97c1d7f469c49a07751bec99) Importer(815301076,1909f56bfc062723c751e8b465ee728b)
Start importing Assets/tilesheet/scene_sprite_fver-Sheet_base_16.asset using Guid(787705ce97c1d7f469c49a07751bec99) Importer(815301076,1909f56bfc062723c751e8b465ee728b)  -> (artifact id: 'f5fba0c037f03e91c3c7edce9d7e6e7c') in 0.012672 seconds
Number of updated asset objects reloaded before import = 0
Number of asset objects unloaded after import = 3
========================================================================
Received Import Request.
  Time since last request: 0.000011 seconds.
  path: Assets/tilesheet/scene_sprite_fver-Sheet_base_13.asset
  artifactKey: Guid(6b36c65c453a60242854f0abe469cf34) Importer(815301076,1909f56bfc062723c751e8b465ee728b)
Start importing Assets/tilesheet/scene_sprite_fver-Sheet_base_13.asset using Guid(6b36c65c453a60242854f0abe469cf34) Importer(815301076,1909f56bfc062723c751e8b465ee728b)  -> (artifact id: '9e528bac8fd057cf90a4ae7723392a62') in 0.013494 seconds
Number of updated asset objects reloaded before import = 0
Number of asset objects unloaded after import = 3
========================================================================
Received Import Request.
  Time since last request: 0.000012 seconds.
  path: Assets/tilesheet/scene_sprite_fver-Sheet_grandma.asset
  artifactKey: Guid(bc019aaeec1a5fa4fad01d6295a66a2b) Importer(815301076,1909f56bfc062723c751e8b465ee728b)
Start importing Assets/tilesheet/scene_sprite_fver-Sheet_grandma.asset using Guid(bc019aaeec1a5fa4fad01d6295a66a2b) Importer(815301076,1909f56bfc062723c751e8b465ee728b)  -> (artifact id: '836884c99cfef13981294a3252bfd3f8') in 0.005045 seconds
Number of updated asset objects reloaded before import = 0
Number of asset objects unloaded after import = 3
========================================================================
Received Import Request.
  Time since last request: 0.000011 seconds.
  path: Assets/tilesheet/scene_sprite_fver-Sheet_base_35.asset
  artifactKey: Guid(3a55ea8c4c8cc4c40aa3288fe15196fb) Importer(815301076,1909f56bfc062723c751e8b465ee728b)
Start importing Assets/tilesheet/scene_sprite_fver-Sheet_base_35.asset using Guid(3a55ea8c4c8cc4c40aa3288fe15196fb) Importer(815301076,1909f56bfc062723c751e8b465ee728b)  -> (artifact id: '896d75c568c0e9292257b2aded902dd2') in 0.005220 seconds
Number of updated asset objects reloaded before import = 0
Number of asset objects unloaded after import = 3
========================================================================
Received Import Request.
  Time since last request: 0.000011 seconds.
  path: Assets/tilesheet/bg_top-Sheet (1)_1.asset
  artifactKey: Guid(1fa0124dacb76e54e85e79483526357d) Importer(815301076,1909f56bfc062723c751e8b465ee728b)
Start importing Assets/tilesheet/bg_top-Sheet (1)_1.asset using Guid(1fa0124dacb76e54e85e79483526357d) Importer(815301076,1909f56bfc062723c751e8b465ee728b)  -> (artifact id: 'fbae98ac21b13e468dc665e1ee462f9f') in 0.005117 seconds
Number of updated asset objects reloaded before import = 0
Number of asset objects unloaded after import = 3
========================================================================
Received Import Request.
  Time since last request: 0.000013 seconds.
  path: Assets/tilesheet/bg_top-Sheet (1)_12.asset
  artifactKey: Guid(1b2510bf0ab56004ca924b8357329002) Importer(815301076,1909f56bfc062723c751e8b465ee728b)
Start importing Assets/tilesheet/bg_top-Sheet (1)_12.asset using Guid(1b2510bf0ab56004ca924b8357329002) Importer(815301076,1909f56bfc062723c751e8b465ee728b)  -> (artifact id: '28bc766167201853c93f858937c0eff6') in 0.012881 seconds
Number of updated asset objects reloaded before import = 0
Number of asset objects unloaded after import = 3
========================================================================
Received Import Request.
  Time since last request: 0.000013 seconds.
  path: Assets/tilesheet/scene_sprite_fver-Sheet_base_34.asset
  artifactKey: Guid(478727f1a67ae704aa75658566247bfd) Importer(815301076,1909f56bfc062723c751e8b465ee728b)
Start importing Assets/tilesheet/scene_sprite_fver-Sheet_base_34.asset using Guid(478727f1a67ae704aa75658566247bfd) Importer(815301076,1909f56bfc062723c751e8b465ee728b)  -> (artifact id: 'c95f6735b55b49a20e1f5f580d3a19e0') in 0.017694 seconds
Number of updated asset objects reloaded before import = 0
Number of asset objects unloaded after import = 3
========================================================================
Received Import Request.
  Time since last request: 0.000014 seconds.
  path: Assets/tilesheet/scene_sprite_fver-Sheet_base_45.asset
  artifactKey: Guid(05d8928e88076ff4ca3fbd2a4648458a) Importer(815301076,1909f56bfc062723c751e8b465ee728b)
Start importing Assets/tilesheet/scene_sprite_fver-Sheet_base_45.asset using Guid(05d8928e88076ff4ca3fbd2a4648458a) Importer(815301076,1909f56bfc062723c751e8b465ee728b)  -> (artifact id: '5d232e3db393c1bd178b39b0eb00cdb6') in 0.014103 seconds
Number of updated asset objects reloaded before import = 0
Number of asset objects unloaded after import = 3
========================================================================
Received Import Request.
  Time since last request: 0.000015 seconds.
  path: Assets/tilesheet/scene_sprite_fver-Sheet_base_46.asset
  artifactKey: Guid(37fe04e7eef44974daea99e12312f31f) Importer(815301076,1909f56bfc062723c751e8b465ee728b)
Start importing Assets/tilesheet/scene_sprite_fver-Sheet_base_46.asset using Guid(37fe04e7eef44974daea99e12312f31f) Importer(815301076,1909f56bfc062723c751e8b465ee728b)  -> (artifact id: 'd87677c98b099e630d9656b39d5d0091') in 0.013229 seconds
Number of updated asset objects reloaded before import = 0
Number of asset objects unloaded after import = 3
========================================================================
Received Import Request.
  Time since last request: 0.000012 seconds.
  path: Assets/tilesheet/scene_sprite_fver-Sheet_base_22.asset
  artifactKey: Guid(429ea064d46b5b244b477de5f3c05df5) Importer(815301076,1909f56bfc062723c751e8b465ee728b)
Start importing Assets/tilesheet/scene_sprite_fver-Sheet_base_22.asset using Guid(429ea064d46b5b244b477de5f3c05df5) Importer(815301076,1909f56bfc062723c751e8b465ee728b)  -> (artifact id: '3abba6f9635241f0a6ded36e0bc8c981') in 0.017234 seconds
Number of updated asset objects reloaded before import = 0
Number of asset objects unloaded after import = 3
========================================================================
Received Import Request.
  Time since last request: 0.000013 seconds.
  path: Assets/tilesheet/bg_top-Sheet (1)_3.asset
  artifactKey: Guid(e7a15151fe6800a4aaea2b19c6c4f506) Importer(815301076,1909f56bfc062723c751e8b465ee728b)
Start importing Assets/tilesheet/bg_top-Sheet (1)_3.asset using Guid(e7a15151fe6800a4aaea2b19c6c4f506) Importer(815301076,1909f56bfc062723c751e8b465ee728b)  -> (artifact id: '291ad377f5e479bd17d0d66c951e727e') in 0.008988 seconds
Number of updated asset objects reloaded before import = 0
Number of asset objects unloaded after import = 3
========================================================================
Received Import Request.
  Time since last request: 0.000013 seconds.
  path: Assets/tilesheet/scene_sprite_fver-Sheet_base_26.asset
  artifactKey: Guid(d1a6a0a50154f0d46aa2d72d0911e6e3) Importer(815301076,1909f56bfc062723c751e8b465ee728b)
Start importing Assets/tilesheet/scene_sprite_fver-Sheet_base_26.asset using Guid(d1a6a0a50154f0d46aa2d72d0911e6e3) Importer(815301076,1909f56bfc062723c751e8b465ee728b)  -> (artifact id: 'a21df69e6224919f09e893822ed01234') in 0.014454 seconds
Number of updated asset objects reloaded before import = 0
Number of asset objects unloaded after import = 3
========================================================================
Received Import Request.
  Time since last request: 0.000012 seconds.
  path: Assets/tilesheet/scene_sprite_fver-Sheet_bush.asset
  artifactKey: Guid(d093982142cd96445a8c5e962918b8e2) Importer(815301076,1909f56bfc062723c751e8b465ee728b)
Start importing Assets/tilesheet/scene_sprite_fver-Sheet_bush.asset using Guid(d093982142cd96445a8c5e962918b8e2) Importer(815301076,1909f56bfc062723c751e8b465ee728b)  -> (artifact id: 'aa146fc5c6fd83a3e6fbbb1167afd2ec') in 0.004504 seconds
Number of updated asset objects reloaded before import = 0
Number of asset objects unloaded after import = 3
========================================================================
Received Import Request.
  Time since last request: 0.000016 seconds.
  path: Assets/tilesheet/bg_top-Sheet (1)_9.asset
  artifactKey: Guid(5c4d8126af0868e44871eb5d44c49ea6) Importer(815301076,1909f56bfc062723c751e8b465ee728b)
Start importing Assets/tilesheet/bg_top-Sheet (1)_9.asset using Guid(5c4d8126af0868e44871eb5d44c49ea6) Importer(815301076,1909f56bfc062723c751e8b465ee728b)  -> (artifact id: '03ae110d7694a06e20a6133f5a2c9ee6') in 0.018649 seconds
Number of updated asset objects reloaded before import = 0
Number of asset objects unloaded after import = 3
========================================================================
Received Import Request.
  Time since last request: 4.068590 seconds.
  path: Assets/sprite/LRRH_sprite_sheet (1).png
  artifactKey: Guid(41f44d7b4555ea74da1924d41d85f5b0) Importer(815301076,1909f56bfc062723c751e8b465ee728b)
Start importing Assets/sprite/LRRH_sprite_sheet (1).png using Guid(41f44d7b4555ea74da1924d41d85f5b0) Importer(815301076,1909f56bfc062723c751e8b465ee728b)  -> (artifact id: 'd49371aa8cebe15d1f697e8d1ab3a0f6') in 0.053686 seconds
Number of updated asset objects reloaded before import = 0
Number of asset objects unloaded after import = 6
========================================================================
Received Import Request.
  Time since last request: 0.000016 seconds.
  path: Assets/sprite/scene_sprite_fver-Sheet_base.png
  artifactKey: Guid(0319e0313a73eba48b046001bd7cdd44) Importer(815301076,1909f56bfc062723c751e8b465ee728b)
Start importing Assets/sprite/scene_sprite_fver-Sheet_base.png using Guid(0319e0313a73eba48b046001bd7cdd44) Importer(815301076,1909f56bfc062723c751e8b465ee728b)  -> (artifact id: '070bc624cabce2883d073c9aac406a53') in 0.103624 seconds
Number of updated asset objects reloaded before import = 0
Number of asset objects unloaded after import = 50
